
Error: UNREACHABLE (CWE-561):
digikam-3.0.0-rc/extra/kipi-plugins/dlnaexport/extra/hupnp/src/ssdp/hssdp_messagecreator_p.cpp:67: unreachable: This code cannot be reached: "return QString();".

Error: UNINIT_CTOR (CWE-457):
digikam-3.0.0-rc/extra/kipi-plugins/dlnaexport/extra/qtsoap/src/qtsoap.h:307: member_decl: Class member declaration for "arrayType".
digikam-3.0.0-rc/extra/kipi-plugins/dlnaexport/extra/qtsoap/src/qtsoap.cpp:945: uninit_member: Non-static class member "arrayType" is not initialized in this constructor nor in any functions that it calls.

Error: UNINIT_CTOR (CWE-457):
digikam-3.0.0-rc/extra/kipi-plugins/dlnaexport/extra/hupnp/src/devicehosting/controlpoint/hclientmodel_creator_p.h:94: member_decl: Class member declaration for "m_lastError".
digikam-3.0.0-rc/extra/kipi-plugins/dlnaexport/extra/hupnp/src/devicehosting/controlpoint/hclientmodel_creator_p.cpp:90: uninit_member: Non-static class member "m_lastError" is not initialized in this constructor nor in any functions that it calls.

Error: UNINIT_CTOR (CWE-457):
digikam-3.0.0-rc/extra/kipi-plugins/dlnaexport/extra/hupnp/src/devicehosting/hddoc_parser_p.h:170: member_not_init_in_gen_ctor: The compiler-generated constructor for this class does not initialize "m_lastError".

Error: UNINIT_CTOR (CWE-457):
digikam-3.0.0-rc/extra/kipi-plugins/dlnaexport/extra/hupnp/src/devicehosting/devicehost/hservermodel_creator_p.h:121: member_decl: Class member declaration for "m_lastError".
digikam-3.0.0-rc/extra/kipi-plugins/dlnaexport/extra/hupnp/src/devicehosting/devicehost/hservermodel_creator_p.cpp:107: uninit_member: Non-static class member "m_lastError" is not initialized in this constructor nor in any functions that it calls.

Error: REVERSE_INULL (CWE-476):
digikam-3.0.0-rc/extra/kipi-plugins/dlnaexport/extra/hupnp/src/devicemodel/client/hclientdevice_adapter.cpp:111: deref_ptr_in_call: Dereferencing pointer "device".
digikam-3.0.0-rc/extra/kipi-plugins/dlnaexport/extra/hupnp/src/devicemodel/client/hclientdevice.cpp:104:5: deref_parm: Directly dereferencing parameter "this".
digikam-3.0.0-rc/extra/kipi-plugins/dlnaexport/extra/hupnp/src/devicemodel/client/hclientdevice_adapter.cpp:113: check_after_deref: Null-checking "device" suggests that it may be null, but it has already been dereferenced on all paths leading to the check.

Error: REVERSE_INULL (CWE-476):
digikam-3.0.0-rc/extra/kipi-plugins/dlnaexport/extra/hupnp/src/devicemodel/client/hclientservice_adapter.cpp:176: deref_ptr_in_call: Dereferencing pointer "service".
digikam-3.0.0-rc/extra/kipi-plugins/dlnaexport/extra/hupnp/src/devicemodel/client/hclientservice.cpp:101:5: deref_parm: Directly dereferencing parameter "this".
digikam-3.0.0-rc/extra/kipi-plugins/dlnaexport/extra/hupnp/src/devicemodel/client/hclientservice_adapter.cpp:178: check_after_deref: Null-checking "service" suggests that it may be null, but it has already been dereferenced on all paths leading to the check.

Error: FORWARD_NULL (CWE-476):
digikam-3.0.0-rc/extra/kipi-plugins/dlnaexport/extra/hupnp_av/src/mediaserver/hmediaserver_deviceconfiguration.cpp:63: dynamic_cast: Dynamic cast to pointer "dynamic_cast <Herqq::Upnp::Av::HMediaServerDeviceConfiguration *>(target)" can return NULL.
digikam-3.0.0-rc/extra/kipi-plugins/dlnaexport/extra/hupnp_av/src/mediaserver/hmediaserver_deviceconfiguration.cpp:63: alias_transfer: Assigning: "conf" = "dynamic_cast <Herqq::Upnp::Av::HMediaServerDeviceConfiguration *>(target)".
digikam-3.0.0-rc/extra/kipi-plugins/dlnaexport/extra/hupnp_av/src/mediaserver/hmediaserver_deviceconfiguration.cpp:66: cond_false: Condition "!target", taking false branch
digikam-3.0.0-rc/extra/kipi-plugins/dlnaexport/extra/hupnp_av/src/mediaserver/hmediaserver_deviceconfiguration.cpp:69: if_end: End of if statement
digikam-3.0.0-rc/extra/kipi-plugins/dlnaexport/extra/hupnp_av/src/mediaserver/hmediaserver_deviceconfiguration.cpp:71: var_deref_op: Dereferencing null pointer "conf".

Error: FORWARD_NULL (CWE-476):
digikam-3.0.0-rc/extra/kipi-plugins/dlnaexport/extra/qtsoap/src/qtsoap.cpp:1172: cond_false: Condition "this->arrayType != QtSoapType::Array", taking false branch
digikam-3.0.0-rc/extra/kipi-plugins/dlnaexport/extra/qtsoap/src/qtsoap.cpp:1178: cond_false: Condition "ar->count() == 0", taking false branch
digikam-3.0.0-rc/extra/kipi-plugins/dlnaexport/extra/qtsoap/src/qtsoap.cpp:1184: cond_false: Condition "it.data()->type() != QtSoapType::Array", taking false branch
digikam-3.0.0-rc/extra/kipi-plugins/dlnaexport/extra/qtsoap/src/qtsoap.cpp:1188: cond_false: Condition "ar", taking false branch
digikam-3.0.0-rc/extra/kipi-plugins/dlnaexport/extra/qtsoap/src/qtsoap.cpp:1188: var_compare_op: Comparing "ar" to null implies that "ar" might be null.
digikam-3.0.0-rc/extra/kipi-plugins/dlnaexport/extra/qtsoap/src/qtsoap.cpp:1192: var_deref_model: Passing null pointer "ar" to function "QtSoapArray::count() const", which dereferences it. (The dereference happens because this is a virtual function call.)

Error: FORWARD_NULL (CWE-476):
digikam-3.0.0-rc/extra/kipi-plugins/dlnaexport/extra/hupnp_av/src/mediarenderer/hmediarenderer_deviceconfiguration.cpp:76: dynamic_cast: Dynamic cast to pointer "dynamic_cast <Herqq::Upnp::Av::HMediaRendererDeviceConfiguration *>(target)" can return NULL.
digikam-3.0.0-rc/extra/kipi-plugins/dlnaexport/extra/hupnp_av/src/mediarenderer/hmediarenderer_deviceconfiguration.cpp:76: alias_transfer: Assigning: "conf" = "dynamic_cast <Herqq::Upnp::Av::HMediaRendererDeviceConfiguration *>(target)".
digikam-3.0.0-rc/extra/kipi-plugins/dlnaexport/extra/hupnp_av/src/mediarenderer/hmediarenderer_deviceconfiguration.cpp:79: cond_false: Condition "!target", taking false branch
digikam-3.0.0-rc/extra/kipi-plugins/dlnaexport/extra/hupnp_av/src/mediarenderer/hmediarenderer_deviceconfiguration.cpp:82: if_end: End of if statement
digikam-3.0.0-rc/extra/kipi-plugins/dlnaexport/extra/hupnp_av/src/mediarenderer/hmediarenderer_deviceconfiguration.cpp:84: cond_true: Condition "this->h_ptr->m_mm.operator HRendererConnectionManager *()", taking true branch
digikam-3.0.0-rc/extra/kipi-plugins/dlnaexport/extra/hupnp_av/src/mediarenderer/hmediarenderer_deviceconfiguration.cpp:86: var_deref_op: Dereferencing null pointer "conf".

Error: FORWARD_NULL (CWE-476):
digikam-3.0.0-rc/extra/kipi-plugins/dlnaexport/extra/hupnp_av/src/mediarenderer/hmediarenderer_deviceconfiguration.cpp:76: dynamic_cast: Dynamic cast to pointer "dynamic_cast <Herqq::Upnp::Av::HMediaRendererDeviceConfiguration *>(target)" can return NULL.
digikam-3.0.0-rc/extra/kipi-plugins/dlnaexport/extra/hupnp_av/src/mediarenderer/hmediarenderer_deviceconfiguration.cpp:76: alias_transfer: Assigning: "conf" = "dynamic_cast <Herqq::Upnp::Av::HMediaRendererDeviceConfiguration *>(target)".
digikam-3.0.0-rc/extra/kipi-plugins/dlnaexport/extra/hupnp_av/src/mediarenderer/hmediarenderer_deviceconfiguration.cpp:79: cond_false: Condition "!target", taking false branch
digikam-3.0.0-rc/extra/kipi-plugins/dlnaexport/extra/hupnp_av/src/mediarenderer/hmediarenderer_deviceconfiguration.cpp:82: if_end: End of if statement
digikam-3.0.0-rc/extra/kipi-plugins/dlnaexport/extra/hupnp_av/src/mediarenderer/hmediarenderer_deviceconfiguration.cpp:84: cond_false: Condition "this->h_ptr->m_mm.operator HRendererConnectionManager *()", taking false branch
digikam-3.0.0-rc/extra/kipi-plugins/dlnaexport/extra/hupnp_av/src/mediarenderer/hmediarenderer_deviceconfiguration.cpp:88: if_end: End of if statement
digikam-3.0.0-rc/extra/kipi-plugins/dlnaexport/extra/hupnp_av/src/mediarenderer/hmediarenderer_deviceconfiguration.cpp:89: var_deref_op: Dereferencing null pointer "conf".

Error: DEADCODE (CWE-561):
digikam-3.0.0-rc/extra/kipi-plugins/dlnaexport/extra/hupnp/src/dataelements/hresourcetype.cpp:61: assignment: Assigning: "flags" = "1".
digikam-3.0.0-rc/extra/kipi-plugins/dlnaexport/extra/hupnp/src/dataelements/hresourcetype.cpp:66: assignment: Assigning: "flags" = "2".
digikam-3.0.0-rc/extra/kipi-plugins/dlnaexport/extra/hupnp/src/dataelements/hresourcetype.cpp:72: assignment: Assigning: "flags" |= "4".
digikam-3.0.0-rc/extra/kipi-plugins/dlnaexport/extra/hupnp/src/dataelements/hresourcetype.cpp:76: assignment: Assigning: "flags" |= "8".
digikam-3.0.0-rc/extra/kipi-plugins/dlnaexport/extra/hupnp/src/dataelements/hresourcetype.cpp:96: intervals: When switching on "flags", the value of "flags" must be in one of the following intervals: {[5,6], [9,10]}.
digikam-3.0.0-rc/extra/kipi-plugins/dlnaexport/extra/hupnp/src/dataelements/hresourcetype.cpp:96: dead_error_condition: The switch value "flags" cannot reach the default case.
digikam-3.0.0-rc/extra/kipi-plugins/dlnaexport/extra/hupnp/src/dataelements/hresourcetype.cpp:110: dead_error_begin: Execution cannot reach this statement "default:".


// -------------------------------------------------------------------------------------------------------------------------------------------------------------------------

Error: FORWARD_NULL (CWE-476):
digikam-3.0.0-rc/extra/kipi-plugins/removeredeyes/libcvblobs/BlobExtraction.cpp:83: cond_true: Condition "inputImage->roi", taking true branch
digikam-3.0.0-rc/extra/kipi-plugins/removeredeyes/libcvblobs/BlobExtraction.cpp:90: if_fallthrough: Falling through to end of if statement
digikam-3.0.0-rc/extra/kipi-plugins/removeredeyes/libcvblobs/BlobExtraction.cpp:97: if_end: End of if statement
digikam-3.0.0-rc/extra/kipi-plugins/removeredeyes/libcvblobs/BlobExtraction.cpp:117: cond_true: Condition "inputImage != NULL", taking true branch
digikam-3.0.0-rc/extra/kipi-plugins/removeredeyes/libcvblobs/BlobExtraction.cpp:117: cond_true: Condition "inputImage->nSize == 144UL /* sizeof (IplImage) */", taking true branch
digikam-3.0.0-rc/extra/kipi-plugins/removeredeyes/libcvblobs/BlobExtraction.cpp:117: cond_true: Condition "inputImage->imageData != NULL", taking true branch
digikam-3.0.0-rc/extra/kipi-plugins/removeredeyes/libcvblobs/BlobExtraction.cpp:117: cond_false: Condition "inputImage->nChannels != 1", taking false branch
digikam-3.0.0-rc/extra/kipi-plugins/removeredeyes/libcvblobs/BlobExtraction.cpp:120: if_end: End of if statement
digikam-3.0.0-rc/extra/kipi-plugins/removeredeyes/libcvblobs/BlobExtraction.cpp:122: cond_true: Condition "maskImage != NULL", taking true branch
digikam-3.0.0-rc/extra/kipi-plugins/removeredeyes/libcvblobs/BlobExtraction.cpp:125: cond_true: Condition "inputImage != NULL", taking true branch
digikam-3.0.0-rc/extra/kipi-plugins/removeredeyes/libcvblobs/BlobExtraction.cpp:125: cond_true: Condition "inputImage->nSize == 144UL /* sizeof (IplImage) */", taking true branch
digikam-3.0.0-rc/extra/kipi-plugins/removeredeyes/libcvblobs/BlobExtraction.cpp:125: cond_true: Condition "inputImage->imageData != NULL", taking true branch
digikam-3.0.0-rc/extra/kipi-plugins/removeredeyes/libcvblobs/BlobExtraction.cpp:125: cond_true: Condition "maskImage != NULL", taking true branch
digikam-3.0.0-rc/extra/kipi-plugins/removeredeyes/libcvblobs/BlobExtraction.cpp:125: cond_true: Condition "maskImage->nSize == 144UL /* sizeof (IplImage) */", taking true branch
digikam-3.0.0-rc/extra/kipi-plugins/removeredeyes/libcvblobs/BlobExtraction.cpp:125: cond_true: Condition "maskImage->imageData != NULL", taking true branch
digikam-3.0.0-rc/extra/kipi-plugins/removeredeyes/libcvblobs/BlobExtraction.cpp:128: if_end: End of if statement
digikam-3.0.0-rc/extra/kipi-plugins/removeredeyes/libcvblobs/BlobExtraction.cpp:132: cond_true: Condition "inputImage->height == maskImage->height", taking true branch
digikam-3.0.0-rc/extra/kipi-plugins/removeredeyes/libcvblobs/BlobExtraction.cpp:132: cond_true: Condition "inputImage->width == maskImage->width", taking true branch
digikam-3.0.0-rc/extra/kipi-plugins/removeredeyes/libcvblobs/BlobExtraction.cpp:135: if_end: End of if statement
digikam-3.0.0-rc/extra/kipi-plugins/removeredeyes/libcvblobs/BlobExtraction.cpp:138: cond_false: Condition "maskImage->nChannels != 1", taking false branch
digikam-3.0.0-rc/extra/kipi-plugins/removeredeyes/libcvblobs/BlobExtraction.cpp:141: if_end: End of if statement
digikam-3.0.0-rc/extra/kipi-plugins/removeredeyes/libcvblobs/BlobExtraction.cpp:156: cond_false: Condition "maskImage == NULL", taking false branch
digikam-3.0.0-rc/extra/kipi-plugins/removeredeyes/libcvblobs/BlobExtraction.cpp:202: else_branch: Reached else branch
digikam-3.0.0-rc/extra/kipi-plugins/removeredeyes/libcvblobs/BlobExtraction.cpp:215: cond_true: Condition "iRow < Rows + 1", taking true branch
digikam-3.0.0-rc/extra/kipi-plugins/removeredeyes/libcvblobs/BlobExtraction.cpp:225: cond_true: Condition "iCol < Cols + 2", taking true branch
digikam-3.0.0-rc/extra/kipi-plugins/removeredeyes/libcvblobs/BlobExtraction.cpp:227: cond_true: Condition "iCol == 0", taking true branch
digikam-3.0.0-rc/extra/kipi-plugins/removeredeyes/libcvblobs/BlobExtraction.cpp:230: if_fallthrough: Falling through to end of if statement
digikam-3.0.0-rc/extra/kipi-plugins/removeredeyes/libcvblobs/BlobExtraction.cpp:234: if_end: End of if statement
digikam-3.0.0-rc/extra/kipi-plugins/removeredeyes/libcvblobs/BlobExtraction.cpp:236: cond_true: Condition "ThisCell != LastCell", taking true branch
digikam-3.0.0-rc/extra/kipi-plugins/removeredeyes/libcvblobs/BlobExtraction.cpp:247: cond_false: Condition "iCol > 0", taking false branch
digikam-3.0.0-rc/extra/kipi-plugins/removeredeyes/libcvblobs/BlobExtraction.cpp:291: if_end: End of if statement
digikam-3.0.0-rc/extra/kipi-plugins/removeredeyes/libcvblobs/BlobExtraction.cpp:297: loop: Jumping back to the beginning of the loop
digikam-3.0.0-rc/extra/kipi-plugins/removeredeyes/libcvblobs/BlobExtraction.cpp:225: loop_begin: Jumped back to beginning of loop
digikam-3.0.0-rc/extra/kipi-plugins/removeredeyes/libcvblobs/BlobExtraction.cpp:225: cond_true: Condition "iCol < Cols + 2", taking true branch
digikam-3.0.0-rc/extra/kipi-plugins/removeredeyes/libcvblobs/BlobExtraction.cpp:227: cond_false: Condition "iCol == 0", taking false branch
digikam-3.0.0-rc/extra/kipi-plugins/removeredeyes/libcvblobs/BlobExtraction.cpp:227: cond_true: Condition "iCol == Cols + 1", taking true branch
digikam-3.0.0-rc/extra/kipi-plugins/removeredeyes/libcvblobs/BlobExtraction.cpp:230: if_fallthrough: Falling through to end of if statement
digikam-3.0.0-rc/extra/kipi-plugins/removeredeyes/libcvblobs/BlobExtraction.cpp:234: if_end: End of if statement
digikam-3.0.0-rc/extra/kipi-plugins/removeredeyes/libcvblobs/BlobExtraction.cpp:236: cond_true: Condition "ThisCell != LastCell", taking true branch
digikam-3.0.0-rc/extra/kipi-plugins/removeredeyes/libcvblobs/BlobExtraction.cpp:247: cond_true: Condition "iCol > 0", taking true branch
digikam-3.0.0-rc/extra/kipi-plugins/removeredeyes/libcvblobs/BlobExtraction.cpp:247: cond_false: Condition "iCol < Cols", taking false branch
digikam-3.0.0-rc/extra/kipi-plugins/removeredeyes/libcvblobs/BlobExtraction.cpp:291: if_end: End of if statement
digikam-3.0.0-rc/extra/kipi-plugins/removeredeyes/libcvblobs/BlobExtraction.cpp:297: loop: Jumping back to the beginning of the loop
digikam-3.0.0-rc/extra/kipi-plugins/removeredeyes/libcvblobs/BlobExtraction.cpp:225: loop_begin: Jumped back to beginning of loop
digikam-3.0.0-rc/extra/kipi-plugins/removeredeyes/libcvblobs/BlobExtraction.cpp:225: cond_false: Condition "iCol < Cols + 2", taking false branch
digikam-3.0.0-rc/extra/kipi-plugins/removeredeyes/libcvblobs/BlobExtraction.cpp:297: loop_end: Reached end of loop
digikam-3.0.0-rc/extra/kipi-plugins/removeredeyes/libcvblobs/BlobExtraction.cpp:301: cond_true: Condition "TransitionOffset + iTran + 1 < (Rows + 1) * (Cols + 2)", taking true branch
digikam-3.0.0-rc/extra/kipi-plugins/removeredeyes/libcvblobs/BlobExtraction.cpp:311: loop: Jumping back to the beginning of the loop
digikam-3.0.0-rc/extra/kipi-plugins/removeredeyes/libcvblobs/BlobExtraction.cpp:215: loop_begin: Jumped back to beginning of loop
digikam-3.0.0-rc/extra/kipi-plugins/removeredeyes/libcvblobs/BlobExtraction.cpp:215: cond_false: Condition "iRow < Rows + 1", taking false branch
digikam-3.0.0-rc/extra/kipi-plugins/removeredeyes/libcvblobs/BlobExtraction.cpp:311: loop_end: Reached end of loop
digikam-3.0.0-rc/extra/kipi-plugins/removeredeyes/libcvblobs/BlobExtraction.cpp:415: cond_true: Condition "i < Cols + 2", taking true branch
digikam-3.0.0-rc/extra/kipi-plugins/removeredeyes/libcvblobs/BlobExtraction.cpp:419: loop: Jumping back to the beginning of the loop
digikam-3.0.0-rc/extra/kipi-plugins/removeredeyes/libcvblobs/BlobExtraction.cpp:415: loop_begin: Jumped back to beginning of loop
digikam-3.0.0-rc/extra/kipi-plugins/removeredeyes/libcvblobs/BlobExtraction.cpp:415: cond_true: Condition "i < Cols + 2", taking true branch
digikam-3.0.0-rc/extra/kipi-plugins/removeredeyes/libcvblobs/BlobExtraction.cpp:419: loop: Jumping back to the beginning of the loop
digikam-3.0.0-rc/extra/kipi-plugins/removeredeyes/libcvblobs/BlobExtraction.cpp:415: loop_begin: Jumped back to beginning of loop
digikam-3.0.0-rc/extra/kipi-plugins/removeredeyes/libcvblobs/BlobExtraction.cpp:415: cond_false: Condition "i < Cols + 2", taking false branch
digikam-3.0.0-rc/extra/kipi-plugins/removeredeyes/libcvblobs/BlobExtraction.cpp:419: loop_end: Reached end of loop
digikam-3.0.0-rc/extra/kipi-plugins/removeredeyes/libcvblobs/BlobExtraction.cpp:436: cond_true: Condition "maskImage != NULL", taking true branch
digikam-3.0.0-rc/extra/kipi-plugins/removeredeyes/libcvblobs/BlobExtraction.cpp:445: cond_true: Condition "ThisRow < Rows + 2", taking true branch
digikam-3.0.0-rc/extra/kipi-plugins/removeredeyes/libcvblobs/BlobExtraction.cpp:458: cond_true: Condition "j < Trans + 2", taking true branch
digikam-3.0.0-rc/extra/kipi-plugins/removeredeyes/libcvblobs/BlobExtraction.cpp:463: cond_true: Condition "TranVal > 0", taking true branch
digikam-3.0.0-rc/extra/kipi-plugins/removeredeyes/libcvblobs/BlobExtraction.cpp:468: cond_true: Condition "ThisRegion[j] == -1", taking true branch
digikam-3.0.0-rc/extra/kipi-plugins/removeredeyes/libcvblobs/BlobExtraction.cpp:473: cond_false: Condition "TranVal < 0", taking false branch
digikam-3.0.0-rc/extra/kipi-plugins/removeredeyes/libcvblobs/BlobExtraction.cpp:476: if_end: End of if statement
digikam-3.0.0-rc/extra/kipi-plugins/removeredeyes/libcvblobs/BlobExtraction.cpp:478: cond_true: Condition "EndLast > 0", taking true branch
digikam-3.0.0-rc/extra/kipi-plugins/removeredeyes/libcvblobs/BlobExtraction.cpp:478: cond_false: Condition "EndThis > 0", taking false branch
digikam-3.0.0-rc/extra/kipi-plugins/removeredeyes/libcvblobs/BlobExtraction.cpp:481: if_end: End of if statement
digikam-3.0.0-rc/extra/kipi-plugins/removeredeyes/libcvblobs/BlobExtraction.cpp:485: loop: Jumping back to the beginning of the loop
digikam-3.0.0-rc/extra/kipi-plugins/removeredeyes/libcvblobs/BlobExtraction.cpp:458: loop_begin: Jumped back to beginning of loop
digikam-3.0.0-rc/extra/kipi-plugins/removeredeyes/libcvblobs/BlobExtraction.cpp:458: cond_true: Condition "j < Trans + 2", taking true branch
digikam-3.0.0-rc/extra/kipi-plugins/removeredeyes/libcvblobs/BlobExtraction.cpp:463: cond_true: Condition "TranVal > 0", taking true branch
digikam-3.0.0-rc/extra/kipi-plugins/removeredeyes/libcvblobs/BlobExtraction.cpp:468: cond_true: Condition "ThisRegion[j] == -1", taking true branch
digikam-3.0.0-rc/extra/kipi-plugins/removeredeyes/libcvblobs/BlobExtraction.cpp:473: cond_false: Condition "TranVal < 0", taking false branch
digikam-3.0.0-rc/extra/kipi-plugins/removeredeyes/libcvblobs/BlobExtraction.cpp:476: if_end: End of if statement
digikam-3.0.0-rc/extra/kipi-plugins/removeredeyes/libcvblobs/BlobExtraction.cpp:478: cond_true: Condition "EndLast > 0", taking true branch
digikam-3.0.0-rc/extra/kipi-plugins/removeredeyes/libcvblobs/BlobExtraction.cpp:478: cond_false: Condition "EndThis > 0", taking false branch
digikam-3.0.0-rc/extra/kipi-plugins/removeredeyes/libcvblobs/BlobExtraction.cpp:481: if_end: End of if statement
digikam-3.0.0-rc/extra/kipi-plugins/removeredeyes/libcvblobs/BlobExtraction.cpp:485: loop: Jumping back to the beginning of the loop
digikam-3.0.0-rc/extra/kipi-plugins/removeredeyes/libcvblobs/BlobExtraction.cpp:458: loop_begin: Jumped back to beginning of loop
digikam-3.0.0-rc/extra/kipi-plugins/removeredeyes/libcvblobs/BlobExtraction.cpp:458: cond_false: Condition "j < Trans + 2", taking false branch
digikam-3.0.0-rc/extra/kipi-plugins/removeredeyes/libcvblobs/BlobExtraction.cpp:485: loop_end: Reached end of loop
digikam-3.0.0-rc/extra/kipi-plugins/removeredeyes/libcvblobs/BlobExtraction.cpp:489: cond_true: Condition "ThisIndexCount > MaxIndexCount", taking true branch
digikam-3.0.0-rc/extra/kipi-plugins/removeredeyes/libcvblobs/BlobExtraction.cpp:495: cond_true: Condition "LastIndex < LastIndexCount", taking true branch
digikam-3.0.0-rc/extra/kipi-plugins/removeredeyes/libcvblobs/BlobExtraction.cpp:495: cond_true: Condition "ThisIndex < ThisIndexCount", taking true branch
digikam-3.0.0-rc/extra/kipi-plugins/removeredeyes/libcvblobs/BlobExtraction.cpp:499: cond_true: Condition "LastIndex == 0", taking true branch
digikam-3.0.0-rc/extra/kipi-plugins/removeredeyes/libcvblobs/BlobExtraction.cpp:502: if_fallthrough: Falling through to end of if statement
digikam-3.0.0-rc/extra/kipi-plugins/removeredeyes/libcvblobs/BlobExtraction.cpp:506: if_end: End of if statement
digikam-3.0.0-rc/extra/kipi-plugins/removeredeyes/libcvblobs/BlobExtraction.cpp:514: cond_true: Condition "ThisIndex == 0", taking true branch
digikam-3.0.0-rc/extra/kipi-plugins/removeredeyes/libcvblobs/BlobExtraction.cpp:517: if_fallthrough: Falling through to end of if statement
digikam-3.0.0-rc/extra/kipi-plugins/removeredeyes/libcvblobs/BlobExtraction.cpp:521: if_end: End of if statement
digikam-3.0.0-rc/extra/kipi-plugins/removeredeyes/libcvblobs/BlobExtraction.cpp:527: cond_true: Condition "ThisRegionNum >= 0", taking true branch
digikam-3.0.0-rc/extra/kipi-plugins/removeredeyes/libcvblobs/BlobExtraction.cpp:530: if_fallthrough: Falling through to end of if statement
digikam-3.0.0-rc/extra/kipi-plugins/removeredeyes/libcvblobs/BlobExtraction.cpp:534: if_end: End of if statement
digikam-3.0.0-rc/extra/kipi-plugins/removeredeyes/libcvblobs/BlobExtraction.cpp:540: cond_true: Condition "ThisStart <= 1", taking true branch
digikam-3.0.0-rc/extra/kipi-plugins/removeredeyes/libcvblobs/BlobExtraction.cpp:564: cond_true: Condition "TestA", taking true branch
digikam-3.0.0-rc/extra/kipi-plugins/removeredeyes/libcvblobs/BlobExtraction.cpp:567: if_fallthrough: Falling through to end of if statement
digikam-3.0.0-rc/extra/kipi-plugins/removeredeyes/libcvblobs/BlobExtraction.cpp:606: cond_true: Condition "findmoments", taking true branch
digikam-3.0.0-rc/extra/kipi-plugins/removeredeyes/libcvblobs/BlobExtraction.cpp:620: switch: Switch case value "1"
digikam-3.0.0-rc/extra/kipi-plugins/removeredeyes/libcvblobs/BlobExtraction.cpp:622: switch_case: Reached case "1"
digikam-3.0.0-rc/extra/kipi-plugins/removeredeyes/libcvblobs/BlobExtraction.cpp:639: break: Breaking from switch
digikam-3.0.0-rc/extra/kipi-plugins/removeredeyes/libcvblobs/BlobExtraction.cpp:1300: switch_end: Reached end of switch
digikam-3.0.0-rc/extra/kipi-plugins/removeredeyes/libcvblobs/BlobExtraction.cpp:1303: cond_false: Condition "ComputeData > 0", taking false branch
digikam-3.0.0-rc/extra/kipi-plugins/removeredeyes/libcvblobs/BlobExtraction.cpp:1399: if_end: End of if statement
digikam-3.0.0-rc/extra/kipi-plugins/removeredeyes/libcvblobs/BlobExtraction.cpp:1402: cond_true: Condition "ThisRegionNum >= 0", taking true branch
digikam-3.0.0-rc/extra/kipi-plugins/removeredeyes/libcvblobs/BlobExtraction.cpp:1404: cond_true: Condition "ThisParent >= 0", taking true branch
digikam-3.0.0-rc/extra/kipi-plugins/removeredeyes/libcvblobs/BlobExtraction.cpp:1414: cond_false: Condition "ComputeData > 0", taking false branch
digikam-3.0.0-rc/extra/kipi-plugins/removeredeyes/libcvblobs/BlobExtraction.cpp:1430: if_end: End of if statement
digikam-3.0.0-rc/extra/kipi-plugins/removeredeyes/libcvblobs/BlobExtraction.cpp:1433: cond_true: Condition "CandidatExterior", taking true branch
digikam-3.0.0-rc/extra/kipi-plugins/removeredeyes/libcvblobs/BlobExtraction.cpp:1438: loop: Jumping back to the beginning of the loop
digikam-3.0.0-rc/extra/kipi-plugins/removeredeyes/libcvblobs/BlobExtraction.cpp:495: loop_begin: Jumped back to beginning of loop
digikam-3.0.0-rc/extra/kipi-plugins/removeredeyes/libcvblobs/BlobExtraction.cpp:495: cond_false: Condition "LastIndex < LastIndexCount", taking false branch
digikam-3.0.0-rc/extra/kipi-plugins/removeredeyes/libcvblobs/BlobExtraction.cpp:1438: loop_end: Reached end of loop
digikam-3.0.0-rc/extra/kipi-plugins/removeredeyes/libcvblobs/BlobExtraction.cpp:1440: cond_false: Condition "ErrorFlag != 0", taking false branch
digikam-3.0.0-rc/extra/kipi-plugins/removeredeyes/libcvblobs/BlobExtraction.cpp:1443: if_end: End of if statement
digikam-3.0.0-rc/extra/kipi-plugins/removeredeyes/libcvblobs/BlobExtraction.cpp:1448: cond_true: Condition "maskImage != NULL", taking true branch
digikam-3.0.0-rc/extra/kipi-plugins/removeredeyes/libcvblobs/BlobExtraction.cpp:1452: loop: Jumping back to the beginning of the loop
digikam-3.0.0-rc/extra/kipi-plugins/removeredeyes/libcvblobs/BlobExtraction.cpp:445: loop_begin: Jumped back to beginning of loop
digikam-3.0.0-rc/extra/kipi-plugins/removeredeyes/libcvblobs/BlobExtraction.cpp:445: cond_true: Condition "ThisRow < Rows + 2", taking true branch
digikam-3.0.0-rc/extra/kipi-plugins/removeredeyes/libcvblobs/BlobExtraction.cpp:458: cond_true: Condition "j < Trans + 2", taking true branch
digikam-3.0.0-rc/extra/kipi-plugins/removeredeyes/libcvblobs/BlobExtraction.cpp:463: cond_true: Condition "TranVal > 0", taking true branch
digikam-3.0.0-rc/extra/kipi-plugins/removeredeyes/libcvblobs/BlobExtraction.cpp:468: cond_true: Condition "ThisRegion[j] == -1", taking true branch
digikam-3.0.0-rc/extra/kipi-plugins/removeredeyes/libcvblobs/BlobExtraction.cpp:473: cond_false: Condition "TranVal < 0", taking false branch
digikam-3.0.0-rc/extra/kipi-plugins/removeredeyes/libcvblobs/BlobExtraction.cpp:476: if_end: End of if statement
digikam-3.0.0-rc/extra/kipi-plugins/removeredeyes/libcvblobs/BlobExtraction.cpp:478: cond_true: Condition "EndLast > 0", taking true branch
digikam-3.0.0-rc/extra/kipi-plugins/removeredeyes/libcvblobs/BlobExtraction.cpp:478: cond_false: Condition "EndThis > 0", taking false branch
digikam-3.0.0-rc/extra/kipi-plugins/removeredeyes/libcvblobs/BlobExtraction.cpp:481: if_end: End of if statement
digikam-3.0.0-rc/extra/kipi-plugins/removeredeyes/libcvblobs/BlobExtraction.cpp:485: loop: Jumping back to the beginning of the loop
digikam-3.0.0-rc/extra/kipi-plugins/removeredeyes/libcvblobs/BlobExtraction.cpp:458: loop_begin: Jumped back to beginning of loop
digikam-3.0.0-rc/extra/kipi-plugins/removeredeyes/libcvblobs/BlobExtraction.cpp:458: cond_true: Condition "j < Trans + 2", taking true branch
digikam-3.0.0-rc/extra/kipi-plugins/removeredeyes/libcvblobs/BlobExtraction.cpp:463: cond_false: Condition "TranVal > 0", taking false branch
digikam-3.0.0-rc/extra/kipi-plugins/removeredeyes/libcvblobs/BlobExtraction.cpp:466: if_end: End of if statement
digikam-3.0.0-rc/extra/kipi-plugins/removeredeyes/libcvblobs/BlobExtraction.cpp:468: cond_true: Condition "ThisRegion[j] == -1", taking true branch
digikam-3.0.0-rc/extra/kipi-plugins/removeredeyes/libcvblobs/BlobExtraction.cpp:473: cond_true: Condition "TranVal < 0", taking true branch
digikam-3.0.0-rc/extra/kipi-plugins/removeredeyes/libcvblobs/BlobExtraction.cpp:478: cond_true: Condition "EndLast > 0", taking true branch
digikam-3.0.0-rc/extra/kipi-plugins/removeredeyes/libcvblobs/BlobExtraction.cpp:478: cond_true: Condition "EndThis > 0", taking true branch
digikam-3.0.0-rc/extra/kipi-plugins/removeredeyes/libcvblobs/BlobExtraction.cpp:480: break: Breaking from loop
digikam-3.0.0-rc/extra/kipi-plugins/removeredeyes/libcvblobs/BlobExtraction.cpp:485: loop_end: Reached end of loop
digikam-3.0.0-rc/extra/kipi-plugins/removeredeyes/libcvblobs/BlobExtraction.cpp:489: cond_false: Condition "ThisIndexCount > MaxIndexCount", taking false branch
digikam-3.0.0-rc/extra/kipi-plugins/removeredeyes/libcvblobs/BlobExtraction.cpp:492: if_end: End of if statement
digikam-3.0.0-rc/extra/kipi-plugins/removeredeyes/libcvblobs/BlobExtraction.cpp:495: cond_true: Condition "LastIndex < LastIndexCount", taking true branch
digikam-3.0.0-rc/extra/kipi-plugins/removeredeyes/libcvblobs/BlobExtraction.cpp:495: cond_true: Condition "ThisIndex < ThisIndexCount", taking true branch
digikam-3.0.0-rc/extra/kipi-plugins/removeredeyes/libcvblobs/BlobExtraction.cpp:499: cond_true: Condition "LastIndex == 0", taking true branch
digikam-3.0.0-rc/extra/kipi-plugins/removeredeyes/libcvblobs/BlobExtraction.cpp:502: if_fallthrough: Falling through to end of if statement
digikam-3.0.0-rc/extra/kipi-plugins/removeredeyes/libcvblobs/BlobExtraction.cpp:506: if_end: End of if statement
digikam-3.0.0-rc/extra/kipi-plugins/removeredeyes/libcvblobs/BlobExtraction.cpp:514: cond_true: Condition "ThisIndex == 0", taking true branch
digikam-3.0.0-rc/extra/kipi-plugins/removeredeyes/libcvblobs/BlobExtraction.cpp:517: if_fallthrough: Falling through to end of if statement
digikam-3.0.0-rc/extra/kipi-plugins/removeredeyes/libcvblobs/BlobExtraction.cpp:521: if_end: End of if statement
digikam-3.0.0-rc/extra/kipi-plugins/removeredeyes/libcvblobs/BlobExtraction.cpp:527: cond_true: Condition "ThisRegionNum >= 0", taking true branch
digikam-3.0.0-rc/extra/kipi-plugins/removeredeyes/libcvblobs/BlobExtraction.cpp:530: if_fallthrough: Falling through to end of if statement
digikam-3.0.0-rc/extra/kipi-plugins/removeredeyes/libcvblobs/BlobExtraction.cpp:534: if_end: End of if statement
digikam-3.0.0-rc/extra/kipi-plugins/removeredeyes/libcvblobs/BlobExtraction.cpp:540: cond_true: Condition "ThisStart <= 1", taking true branch
digikam-3.0.0-rc/extra/kipi-plugins/removeredeyes/libcvblobs/BlobExtraction.cpp:564: cond_true: Condition "TestA", taking true branch
digikam-3.0.0-rc/extra/kipi-plugins/removeredeyes/libcvblobs/BlobExtraction.cpp:567: if_fallthrough: Falling through to end of if statement
digikam-3.0.0-rc/extra/kipi-plugins/removeredeyes/libcvblobs/BlobExtraction.cpp:606: cond_true: Condition "findmoments", taking true branch
digikam-3.0.0-rc/extra/kipi-plugins/removeredeyes/libcvblobs/BlobExtraction.cpp:620: switch: Switch case value "1"
digikam-3.0.0-rc/extra/kipi-plugins/removeredeyes/libcvblobs/BlobExtraction.cpp:622: switch_case: Reached case "1"
digikam-3.0.0-rc/extra/kipi-plugins/removeredeyes/libcvblobs/BlobExtraction.cpp:639: break: Breaking from switch
digikam-3.0.0-rc/extra/kipi-plugins/removeredeyes/libcvblobs/BlobExtraction.cpp:1300: switch_end: Reached end of switch
digikam-3.0.0-rc/extra/kipi-plugins/removeredeyes/libcvblobs/BlobExtraction.cpp:1303: cond_false: Condition "ComputeData > 0", taking false branch
digikam-3.0.0-rc/extra/kipi-plugins/removeredeyes/libcvblobs/BlobExtraction.cpp:1399: if_end: End of if statement
digikam-3.0.0-rc/extra/kipi-plugins/removeredeyes/libcvblobs/BlobExtraction.cpp:1402: cond_true: Condition "ThisRegionNum >= 0", taking true branch
digikam-3.0.0-rc/extra/kipi-plugins/removeredeyes/libcvblobs/BlobExtraction.cpp:1404: cond_true: Condition "ThisParent >= 0", taking true branch
digikam-3.0.0-rc/extra/kipi-plugins/removeredeyes/libcvblobs/BlobExtraction.cpp:1414: cond_false: Condition "ComputeData > 0", taking false branch
digikam-3.0.0-rc/extra/kipi-plugins/removeredeyes/libcvblobs/BlobExtraction.cpp:1430: if_end: End of if statement
digikam-3.0.0-rc/extra/kipi-plugins/removeredeyes/libcvblobs/BlobExtraction.cpp:1433: cond_true: Condition "CandidatExterior", taking true branch
digikam-3.0.0-rc/extra/kipi-plugins/removeredeyes/libcvblobs/BlobExtraction.cpp:1438: loop: Jumping back to the beginning of the loop
digikam-3.0.0-rc/extra/kipi-plugins/removeredeyes/libcvblobs/BlobExtraction.cpp:495: loop_begin: Jumped back to beginning of loop
digikam-3.0.0-rc/extra/kipi-plugins/removeredeyes/libcvblobs/BlobExtraction.cpp:495: cond_true: Condition "LastIndex < LastIndexCount", taking true branch
digikam-3.0.0-rc/extra/kipi-plugins/removeredeyes/libcvblobs/BlobExtraction.cpp:495: cond_true: Condition "ThisIndex < ThisIndexCount", taking true branch
digikam-3.0.0-rc/extra/kipi-plugins/removeredeyes/libcvblobs/BlobExtraction.cpp:499: cond_false: Condition "LastIndex == 0", taking false branch
digikam-3.0.0-rc/extra/kipi-plugins/removeredeyes/libcvblobs/BlobExtraction.cpp:504: else_branch: Reached else branch
digikam-3.0.0-rc/extra/kipi-plugins/removeredeyes/libcvblobs/BlobExtraction.cpp:514: cond_true: Condition "ThisIndex == 0", taking true branch
digikam-3.0.0-rc/extra/kipi-plugins/removeredeyes/libcvblobs/BlobExtraction.cpp:517: if_fallthrough: Falling through to end of if statement
digikam-3.0.0-rc/extra/kipi-plugins/removeredeyes/libcvblobs/BlobExtraction.cpp:521: if_end: End of if statement
digikam-3.0.0-rc/extra/kipi-plugins/removeredeyes/libcvblobs/BlobExtraction.cpp:527: cond_true: Condition "ThisRegionNum >= 0", taking true branch
digikam-3.0.0-rc/extra/kipi-plugins/removeredeyes/libcvblobs/BlobExtraction.cpp:530: if_fallthrough: Falling through to end of if statement
digikam-3.0.0-rc/extra/kipi-plugins/removeredeyes/libcvblobs/BlobExtraction.cpp:534: if_end: End of if statement
digikam-3.0.0-rc/extra/kipi-plugins/removeredeyes/libcvblobs/BlobExtraction.cpp:540: cond_true: Condition "ThisStart <= 1", taking true branch
digikam-3.0.0-rc/extra/kipi-plugins/removeredeyes/libcvblobs/BlobExtraction.cpp:564: cond_true: Condition "TestA", taking true branch
digikam-3.0.0-rc/extra/kipi-plugins/removeredeyes/libcvblobs/BlobExtraction.cpp:567: if_fallthrough: Falling through to end of if statement
digikam-3.0.0-rc/extra/kipi-plugins/removeredeyes/libcvblobs/BlobExtraction.cpp:606: cond_true: Condition "findmoments", taking true branch
digikam-3.0.0-rc/extra/kipi-plugins/removeredeyes/libcvblobs/BlobExtraction.cpp:620: switch: Switch case value "1"
digikam-3.0.0-rc/extra/kipi-plugins/removeredeyes/libcvblobs/BlobExtraction.cpp:622: switch_case: Reached case "1"
digikam-3.0.0-rc/extra/kipi-plugins/removeredeyes/libcvblobs/BlobExtraction.cpp:639: break: Breaking from switch
digikam-3.0.0-rc/extra/kipi-plugins/removeredeyes/libcvblobs/BlobExtraction.cpp:1300: switch_end: Reached end of switch
digikam-3.0.0-rc/extra/kipi-plugins/removeredeyes/libcvblobs/BlobExtraction.cpp:1303: cond_false: Condition "ComputeData > 0", taking false branch
digikam-3.0.0-rc/extra/kipi-plugins/removeredeyes/libcvblobs/BlobExtraction.cpp:1399: if_end: End of if statement
digikam-3.0.0-rc/extra/kipi-plugins/removeredeyes/libcvblobs/BlobExtraction.cpp:1402: cond_true: Condition "ThisRegionNum >= 0", taking true branch
digikam-3.0.0-rc/extra/kipi-plugins/removeredeyes/libcvblobs/BlobExtraction.cpp:1404: cond_true: Condition "ThisParent >= 0", taking true branch
digikam-3.0.0-rc/extra/kipi-plugins/removeredeyes/libcvblobs/BlobExtraction.cpp:1414: cond_false: Condition "ComputeData > 0", taking false branch
digikam-3.0.0-rc/extra/kipi-plugins/removeredeyes/libcvblobs/BlobExtraction.cpp:1430: if_end: End of if statement
digikam-3.0.0-rc/extra/kipi-plugins/removeredeyes/libcvblobs/BlobExtraction.cpp:1433: cond_true: Condition "CandidatExterior", taking true branch
digikam-3.0.0-rc/extra/kipi-plugins/removeredeyes/libcvblobs/BlobExtraction.cpp:1438: loop: Jumping back to the beginning of the loop
digikam-3.0.0-rc/extra/kipi-plugins/removeredeyes/libcvblobs/BlobExtraction.cpp:495: loop_begin: Jumped back to beginning of loop
digikam-3.0.0-rc/extra/kipi-plugins/removeredeyes/libcvblobs/BlobExtraction.cpp:495: cond_true: Condition "LastIndex < LastIndexCount", taking true branch
digikam-3.0.0-rc/extra/kipi-plugins/removeredeyes/libcvblobs/BlobExtraction.cpp:495: cond_true: Condition "ThisIndex < ThisIndexCount", taking true branch
digikam-3.0.0-rc/extra/kipi-plugins/removeredeyes/libcvblobs/BlobExtraction.cpp:499: cond_false: Condition "LastIndex == 0", taking false branch
digikam-3.0.0-rc/extra/kipi-plugins/removeredeyes/libcvblobs/BlobExtraction.cpp:504: else_branch: Reached else branch
digikam-3.0.0-rc/extra/kipi-plugins/removeredeyes/libcvblobs/BlobExtraction.cpp:514: cond_true: Condition "ThisIndex == 0", taking true branch
digikam-3.0.0-rc/extra/kipi-plugins/removeredeyes/libcvblobs/BlobExtraction.cpp:517: if_fallthrough: Falling through to end of if statement
digikam-3.0.0-rc/extra/kipi-plugins/removeredeyes/libcvblobs/BlobExtraction.cpp:521: if_end: End of if statement
digikam-3.0.0-rc/extra/kipi-plugins/removeredeyes/libcvblobs/BlobExtraction.cpp:527: cond_false: Condition "ThisRegionNum >= 0", taking false branch
digikam-3.0.0-rc/extra/kipi-plugins/removeredeyes/libcvblobs/BlobExtraction.cpp:532: else_branch: Reached else branch
digikam-3.0.0-rc/extra/kipi-plugins/removeredeyes/libcvblobs/BlobExtraction.cpp:533: assign_zero: Assigning: "regionDataThisRegion" = "NULL".
digikam-3.0.0-rc/extra/kipi-plugins/removeredeyes/libcvblobs/BlobExtraction.cpp:540: cond_true: Condition "ThisStart <= 1", taking true branch
digikam-3.0.0-rc/extra/kipi-plugins/removeredeyes/libcvblobs/BlobExtraction.cpp:564: cond_true: Condition "TestA", taking true branch
digikam-3.0.0-rc/extra/kipi-plugins/removeredeyes/libcvblobs/BlobExtraction.cpp:567: if_fallthrough: Falling through to end of if statement
digikam-3.0.0-rc/extra/kipi-plugins/removeredeyes/libcvblobs/BlobExtraction.cpp:606: cond_true: Condition "findmoments", taking true branch
digikam-3.0.0-rc/extra/kipi-plugins/removeredeyes/libcvblobs/BlobExtraction.cpp:620: switch: Switch case value "1"
digikam-3.0.0-rc/extra/kipi-plugins/removeredeyes/libcvblobs/BlobExtraction.cpp:622: switch_case: Reached case "1"
digikam-3.0.0-rc/extra/kipi-plugins/removeredeyes/libcvblobs/BlobExtraction.cpp:637: var_deref_op: Dereferencing null pointer "regionDataThisRegion".


// -------------------------------------------------------------------------------------------------------------------------------------------------------------------------


Error: UNINIT_CTOR (CWE-457):
digikam-3.0.0-rc/extra/kipi-plugins/photolayoutseditor/widgets/dialogs/NewCanvasDialog.cpp:93: cond_true: Condition "sl.count() == 0", taking true branch
digikam-3.0.0-rc/extra/kipi-plugins/photolayoutseditor/widgets/dialogs/NewCanvasDialog.cpp:118: member_decl: Class member declaration for "stack".
digikam-3.0.0-rc/extra/kipi-plugins/photolayoutseditor/widgets/dialogs/NewCanvasDialog.cpp:94: uninit_member: Non-static class member "stack" is not initialized in this constructor nor in any functions that it calls.
digikam-3.0.0-rc/extra/kipi-plugins/photolayoutseditor/widgets/dialogs/NewCanvasDialog.cpp:119: member_decl: Class member declaration for "paperSize".
digikam-3.0.0-rc/extra/kipi-plugins/photolayoutseditor/widgets/dialogs/NewCanvasDialog.cpp:94: uninit_member: Non-static class member "paperSize" is not initialized in this constructor nor in any functions that it calls.
digikam-3.0.0-rc/extra/kipi-plugins/photolayoutseditor/widgets/dialogs/NewCanvasDialog.cpp:120: member_decl: Class member declaration for "templatesList".
digikam-3.0.0-rc/extra/kipi-plugins/photolayoutseditor/widgets/dialogs/NewCanvasDialog.cpp:94: uninit_member: Non-static class member "templatesList" is not initialized in this constructor nor in any functions that it calls.
digikam-3.0.0-rc/extra/kipi-plugins/photolayoutseditor/widgets/dialogs/NewCanvasDialog.cpp:121: member_decl: Class member declaration for "canvasSize".
digikam-3.0.0-rc/extra/kipi-plugins/photolayoutseditor/widgets/dialogs/NewCanvasDialog.cpp:94: uninit_member: Non-static class member "canvasSize" is not initialized in this constructor nor in any functions that it calls.
digikam-3.0.0-rc/extra/kipi-plugins/photolayoutseditor/widgets/dialogs/NewCanvasDialog.cpp:123: member_decl: Class member declaration for "horizontalButton".
digikam-3.0.0-rc/extra/kipi-plugins/photolayoutseditor/widgets/dialogs/NewCanvasDialog.cpp:94: uninit_member: Non-static class member "horizontalButton" is not initialized in this constructor nor in any functions that it calls.
digikam-3.0.0-rc/extra/kipi-plugins/photolayoutseditor/widgets/dialogs/NewCanvasDialog.cpp:124: member_decl: Class member declaration for "verticalButton".
digikam-3.0.0-rc/extra/kipi-plugins/photolayoutseditor/widgets/dialogs/NewCanvasDialog.cpp:94: uninit_member: Non-static class member "verticalButton" is not initialized in this constructor nor in any functions that it calls.
digikam-3.0.0-rc/extra/kipi-plugins/photolayoutseditor/widgets/dialogs/NewCanvasDialog.cpp:125: member_decl: Class member declaration for "orientationGroup".
digikam-3.0.0-rc/extra/kipi-plugins/photolayoutseditor/widgets/dialogs/NewCanvasDialog.cpp:94: uninit_member: Non-static class member "orientationGroup" is not initialized in this constructor nor in any functions that it calls.

Error: UNINIT_CTOR (CWE-457):
digikam-3.0.0-rc/extra/kipi-plugins/photolayoutseditor/widgets/dialogs/CanvasSizeDialog.cpp:93: member_decl: Class member declaration for "sizeWidget".
digikam-3.0.0-rc/extra/kipi-plugins/photolayoutseditor/widgets/dialogs/CanvasSizeDialog.cpp:83: uninit_member: Non-static class member "sizeWidget" is not initialized in this constructor nor in any functions that it calls.
digikam-3.0.0-rc/extra/kipi-plugins/photolayoutseditor/widgets/dialogs/CanvasSizeDialog.cpp:94: member_decl: Class member declaration for "advancedWidget".
digikam-3.0.0-rc/extra/kipi-plugins/photolayoutseditor/widgets/dialogs/CanvasSizeDialog.cpp:83: uninit_member: Non-static class member "advancedWidget" is not initialized in this constructor nor in any functions that it calls.
digikam-3.0.0-rc/extra/kipi-plugins/photolayoutseditor/widgets/dialogs/CanvasSizeDialog.cpp:95: member_decl: Class member declaration for "paperSize".
digikam-3.0.0-rc/extra/kipi-plugins/photolayoutseditor/widgets/dialogs/CanvasSizeDialog.cpp:83: uninit_member: Non-static class member "paperSize" is not initialized in this constructor nor in any functions that it calls.
digikam-3.0.0-rc/extra/kipi-plugins/photolayoutseditor/widgets/dialogs/CanvasSizeDialog.cpp:98: member_decl: Class member declaration for "orientationGroup".
digikam-3.0.0-rc/extra/kipi-plugins/photolayoutseditor/widgets/dialogs/CanvasSizeDialog.cpp:83: uninit_member: Non-static class member "orientationGroup" is not initialized in this constructor nor in any functions that it calls.
digikam-3.0.0-rc/extra/kipi-plugins/photolayoutseditor/widgets/dialogs/CanvasSizeDialog.cpp:99: member_decl: Class member declaration for "verticalButton".
digikam-3.0.0-rc/extra/kipi-plugins/photolayoutseditor/widgets/dialogs/CanvasSizeDialog.cpp:83: uninit_member: Non-static class member "verticalButton" is not initialized in this constructor nor in any functions that it calls.
digikam-3.0.0-rc/extra/kipi-plugins/photolayoutseditor/widgets/dialogs/CanvasSizeDialog.cpp:100: member_decl: Class member declaration for "sizeLabel".
digikam-3.0.0-rc/extra/kipi-plugins/photolayoutseditor/widgets/dialogs/CanvasSizeDialog.cpp:83: uninit_member: Non-static class member "sizeLabel" is not initialized in this constructor nor in any functions that it calls.
digikam-3.0.0-rc/extra/kipi-plugins/photolayoutseditor/widgets/dialogs/CanvasSizeDialog.cpp:101: member_decl: Class member declaration for "horizontalButton".
digikam-3.0.0-rc/extra/kipi-plugins/photolayoutseditor/widgets/dialogs/CanvasSizeDialog.cpp:83: uninit_member: Non-static class member "horizontalButton" is not initialized in this constructor nor in any functions that it calls.
digikam-3.0.0-rc/extra/kipi-plugins/photolayoutseditor/widgets/dialogs/CanvasSizeDialog.cpp:102: member_decl: Class member declaration for "sizeUnitsWidget".
digikam-3.0.0-rc/extra/kipi-plugins/photolayoutseditor/widgets/dialogs/CanvasSizeDialog.cpp:83: uninit_member: Non-static class member "sizeUnitsWidget" is not initialized in this constructor nor in any functions that it calls.
digikam-3.0.0-rc/extra/kipi-plugins/photolayoutseditor/widgets/dialogs/CanvasSizeDialog.cpp:103: member_decl: Class member declaration for "xResolution".
digikam-3.0.0-rc/extra/kipi-plugins/photolayoutseditor/widgets/dialogs/CanvasSizeDialog.cpp:83: uninit_member: Non-static class member "xResolution" is not initialized in this constructor nor in any functions that it calls.
digikam-3.0.0-rc/extra/kipi-plugins/photolayoutseditor/widgets/dialogs/CanvasSizeDialog.cpp:104: member_decl: Class member declaration for "yResolution".
digikam-3.0.0-rc/extra/kipi-plugins/photolayoutseditor/widgets/dialogs/CanvasSizeDialog.cpp:83: uninit_member: Non-static class member "yResolution" is not initialized in this constructor nor in any functions that it calls.
digikam-3.0.0-rc/extra/kipi-plugins/photolayoutseditor/widgets/dialogs/CanvasSizeDialog.cpp:105: member_decl: Class member declaration for "resolutionUnitsWidget".
digikam-3.0.0-rc/extra/kipi-plugins/photolayoutseditor/widgets/dialogs/CanvasSizeDialog.cpp:83: uninit_member: Non-static class member "resolutionUnitsWidget" is not initialized in this constructor nor in any functions that it calls.

Error: UNINIT_CTOR (CWE-457):
digikam-3.0.0-rc/extra/kipi-plugins/photolayoutseditor/widgets/tools/CanvasEditTool.cpp:126: member_decl: Class member declaration for "background_type_widget".
digikam-3.0.0-rc/extra/kipi-plugins/photolayoutseditor/widgets/tools/CanvasEditTool.cpp:111: uninit_member: Non-static class member "background_type_widget" is not initialized in this constructor nor in any functions that it calls.
digikam-3.0.0-rc/extra/kipi-plugins/photolayoutseditor/widgets/tools/CanvasEditTool.cpp:127: member_decl: Class member declaration for "background_widgets".
digikam-3.0.0-rc/extra/kipi-plugins/photolayoutseditor/widgets/tools/CanvasEditTool.cpp:111: uninit_member: Non-static class member "background_widgets" is not initialized in this constructor nor in any functions that it calls.
digikam-3.0.0-rc/extra/kipi-plugins/photolayoutseditor/widgets/tools/CanvasEditTool.cpp:130: member_decl: Class member declaration for "background_color".
digikam-3.0.0-rc/extra/kipi-plugins/photolayoutseditor/widgets/tools/CanvasEditTool.cpp:111: uninit_member: Non-static class member "background_color" is not initialized in this constructor nor in any functions that it calls.
digikam-3.0.0-rc/extra/kipi-plugins/photolayoutseditor/widgets/tools/CanvasEditTool.cpp:135: member_decl: Class member declaration for "backgroundImageFormLayout".
digikam-3.0.0-rc/extra/kipi-plugins/photolayoutseditor/widgets/tools/CanvasEditTool.cpp:111: uninit_member: Non-static class member "backgroundImageFormLayout" is not initialized in this constructor nor in any functions that it calls.
digikam-3.0.0-rc/extra/kipi-plugins/photolayoutseditor/widgets/tools/CanvasEditTool.cpp:136: member_decl: Class member declaration for "background_image_file".
digikam-3.0.0-rc/extra/kipi-plugins/photolayoutseditor/widgets/tools/CanvasEditTool.cpp:111: uninit_member: Non-static class member "background_image_file" is not initialized in this constructor nor in any functions that it calls.
digikam-3.0.0-rc/extra/kipi-plugins/photolayoutseditor/widgets/tools/CanvasEditTool.cpp:138: member_decl: Class member declaration for "background_image_label".
digikam-3.0.0-rc/extra/kipi-plugins/photolayoutseditor/widgets/tools/CanvasEditTool.cpp:111: uninit_member: Non-static class member "background_image_label" is not initialized in this constructor nor in any functions that it calls.
digikam-3.0.0-rc/extra/kipi-plugins/photolayoutseditor/widgets/tools/CanvasEditTool.cpp:139: member_decl: Class member declaration for "background_image_scalling".
digikam-3.0.0-rc/extra/kipi-plugins/photolayoutseditor/widgets/tools/CanvasEditTool.cpp:111: uninit_member: Non-static class member "background_image_scalling" is not initialized in this constructor nor in any functions that it calls.
digikam-3.0.0-rc/extra/kipi-plugins/photolayoutseditor/widgets/tools/CanvasEditTool.cpp:141: member_decl: Class member declaration for "background_image_tiled".
digikam-3.0.0-rc/extra/kipi-plugins/photolayoutseditor/widgets/tools/CanvasEditTool.cpp:111: uninit_member: Non-static class member "background_image_tiled" is not initialized in this constructor nor in any functions that it calls.
digikam-3.0.0-rc/extra/kipi-plugins/photolayoutseditor/widgets/tools/CanvasEditTool.cpp:142: member_decl: Class member declaration for "background_alignBox".
digikam-3.0.0-rc/extra/kipi-plugins/photolayoutseditor/widgets/tools/CanvasEditTool.cpp:111: uninit_member: Non-static class member "background_alignBox" is not initialized in this constructor nor in any functions that it calls.
digikam-3.0.0-rc/extra/kipi-plugins/photolayoutseditor/widgets/tools/CanvasEditTool.cpp:143: member_decl: Class member declaration for "background_image_HAlign".
digikam-3.0.0-rc/extra/kipi-plugins/photolayoutseditor/widgets/tools/CanvasEditTool.cpp:111: uninit_member: Non-static class member "background_image_HAlign" is not initialized in this constructor nor in any functions that it calls.
digikam-3.0.0-rc/extra/kipi-plugins/photolayoutseditor/widgets/tools/CanvasEditTool.cpp:145: member_decl: Class member declaration for "background_image_VAlign".
digikam-3.0.0-rc/extra/kipi-plugins/photolayoutseditor/widgets/tools/CanvasEditTool.cpp:111: uninit_member: Non-static class member "background_image_VAlign" is not initialized in this constructor nor in any functions that it calls.
digikam-3.0.0-rc/extra/kipi-plugins/photolayoutseditor/widgets/tools/CanvasEditTool.cpp:147: member_decl: Class member declaration for "background_sizeBox".
digikam-3.0.0-rc/extra/kipi-plugins/photolayoutseditor/widgets/tools/CanvasEditTool.cpp:111: uninit_member: Non-static class member "background_sizeBox" is not initialized in this constructor nor in any functions that it calls.
digikam-3.0.0-rc/extra/kipi-plugins/photolayoutseditor/widgets/tools/CanvasEditTool.cpp:148: member_decl: Class member declaration for "background_image_width".
digikam-3.0.0-rc/extra/kipi-plugins/photolayoutseditor/widgets/tools/CanvasEditTool.cpp:111: uninit_member: Non-static class member "background_image_width" is not initialized in this constructor nor in any functions that it calls.
digikam-3.0.0-rc/extra/kipi-plugins/photolayoutseditor/widgets/tools/CanvasEditTool.cpp:149: member_decl: Class member declaration for "background_image_height".
digikam-3.0.0-rc/extra/kipi-plugins/photolayoutseditor/widgets/tools/CanvasEditTool.cpp:111: uninit_member: Non-static class member "background_image_height" is not initialized in this constructor nor in any functions that it calls.
digikam-3.0.0-rc/extra/kipi-plugins/photolayoutseditor/widgets/tools/CanvasEditTool.cpp:150: member_decl: Class member declaration for "background_image_color".
digikam-3.0.0-rc/extra/kipi-plugins/photolayoutseditor/widgets/tools/CanvasEditTool.cpp:111: uninit_member: Non-static class member "background_image_color" is not initialized in this constructor nor in any functions that it calls.
digikam-3.0.0-rc/extra/kipi-plugins/photolayoutseditor/widgets/tools/CanvasEditTool.cpp:154: member_decl: Class member declaration for "border_image_label".
digikam-3.0.0-rc/extra/kipi-plugins/photolayoutseditor/widgets/tools/CanvasEditTool.cpp:111: uninit_member: Non-static class member "border_image_label" is not initialized in this constructor nor in any functions that it calls.
digikam-3.0.0-rc/extra/kipi-plugins/photolayoutseditor/widgets/tools/CanvasEditTool.cpp:158: member_decl: Class member declaration for "background_pattern_color1".
digikam-3.0.0-rc/extra/kipi-plugins/photolayoutseditor/widgets/tools/CanvasEditTool.cpp:111: uninit_member: Non-static class member "background_pattern_color1" is not initialized in this constructor nor in any functions that it calls.
digikam-3.0.0-rc/extra/kipi-plugins/photolayoutseditor/widgets/tools/CanvasEditTool.cpp:159: member_decl: Class member declaration for "background_pattern_color2".
digikam-3.0.0-rc/extra/kipi-plugins/photolayoutseditor/widgets/tools/CanvasEditTool.cpp:111: uninit_member: Non-static class member "background_pattern_color2" is not initialized in this constructor nor in any functions that it calls.
digikam-3.0.0-rc/extra/kipi-plugins/photolayoutseditor/widgets/tools/CanvasEditTool.cpp:160: member_decl: Class member declaration for "background_pattern_type".
digikam-3.0.0-rc/extra/kipi-plugins/photolayoutseditor/widgets/tools/CanvasEditTool.cpp:111: uninit_member: Non-static class member "background_pattern_type" is not initialized in this constructor nor in any functions that it calls.

Error: UNINIT_CTOR (CWE-457):
digikam-3.0.0-rc/extra/kipi-plugins/photolayoutseditor/undo/UndoMoveRowsCommand.cpp:40: cond_false: Condition "this->m_model", taking false branch
digikam-3.0.0-rc/extra/kipi-plugins/photolayoutseditor/undo/UndoMoveRowsCommand.cpp:56: if_end: End of if statement
digikam-3.0.0-rc/extra/kipi-plugins/photolayoutseditor/undo/UndoMoveRowsCommand.h:40: member_decl: Class member declaration for "m_src_parent_row".
digikam-3.0.0-rc/extra/kipi-plugins/photolayoutseditor/undo/UndoMoveRowsCommand.cpp:68: uninit_member: Non-static class member "m_src_parent_row" is not initialized in this constructor nor in any functions that it calls.
digikam-3.0.0-rc/extra/kipi-plugins/photolayoutseditor/undo/UndoMoveRowsCommand.h:41: member_decl: Class member declaration for "m_dest_parent_row".
digikam-3.0.0-rc/extra/kipi-plugins/photolayoutseditor/undo/UndoMoveRowsCommand.cpp:68: uninit_member: Non-static class member "m_dest_parent_row" is not initialized in this constructor nor in any functions that it calls.
digikam-3.0.0-rc/extra/kipi-plugins/photolayoutseditor/undo/UndoMoveRowsCommand.h:42: member_decl: Class member declaration for "m_starting_row".
digikam-3.0.0-rc/extra/kipi-plugins/photolayoutseditor/undo/UndoMoveRowsCommand.cpp:68: uninit_member: Non-static class member "m_starting_row" is not initialized in this constructor nor in any functions that it calls.
digikam-3.0.0-rc/extra/kipi-plugins/photolayoutseditor/undo/UndoMoveRowsCommand.h:43: member_decl: Class member declaration for "m_rows_count".
digikam-3.0.0-rc/extra/kipi-plugins/photolayoutseditor/undo/UndoMoveRowsCommand.cpp:68: uninit_member: Non-static class member "m_rows_count" is not initialized in this constructor nor in any functions that it calls.
digikam-3.0.0-rc/extra/kipi-plugins/photolayoutseditor/undo/UndoMoveRowsCommand.h:44: member_decl: Class member declaration for "m_destination_row".
digikam-3.0.0-rc/extra/kipi-plugins/photolayoutseditor/undo/UndoMoveRowsCommand.cpp:68: uninit_member: Non-static class member "m_destination_row" is not initialized in this constructor nor in any functions that it calls.
.cpp:67: uninit_member: Non-static class member "m_loaded_bytes" is not initialized in this constructor nor in any functions that it calls.

Error: UNINIT_CTOR (CWE-457):
digikam-3.0.0-rc/extra/kipi-plugins/photolayoutseditor/widgets/canvas/CropWidgetItem.cpp:43: cond_true: Condition "m_handlers@dim0 < 3UL", taking true branch
digikam-3.0.0-rc/extra/kipi-plugins/photolayoutseditor/widgets/canvas/CropWidgetItem.cpp:43: cond_true: Condition "m_handlers@dim1 < 3UL", taking true branch
digikam-3.0.0-rc/extra/kipi-plugins/photolayoutseditor/widgets/canvas/CropWidgetItem.cpp:43: loop: Jumping back to the beginning of the loop
digikam-3.0.0-rc/extra/kipi-plugins/photolayoutseditor/widgets/canvas/CropWidgetItem.cpp:43: loop_begin: Jumped back to beginning of loop
digikam-3.0.0-rc/extra/kipi-plugins/photolayoutseditor/widgets/canvas/CropWidgetItem.cpp:43: cond_false: Condition "m_handlers@dim1 < 3UL", taking false branch
digikam-3.0.0-rc/extra/kipi-plugins/photolayoutseditor/widgets/canvas/CropWidgetItem.cpp:43: loop_end: Reached end of loop
digikam-3.0.0-rc/extra/kipi-plugins/photolayoutseditor/widgets/canvas/CropWidgetItem.cpp:43: loop: Jumping back to the beginning of the loop
digikam-3.0.0-rc/extra/kipi-plugins/photolayoutseditor/widgets/canvas/CropWidgetItem.cpp:43: loop_begin: Jumped back to beginning of loop
digikam-3.0.0-rc/extra/kipi-plugins/photolayoutseditor/widgets/canvas/CropWidgetItem.cpp:43: cond_false: Condition "m_handlers@dim0 < 3UL", taking false branch
digikam-3.0.0-rc/extra/kipi-plugins/photolayoutseditor/widgets/canvas/CropWidgetItem.cpp:43: loop_end: Reached end of loop
digikam-3.0.0-rc/extra/kipi-plugins/photolayoutseditor/widgets/canvas/CropWidgetItem.cpp:89: member_decl: Class member declaration for "pressedVHandler".
digikam-3.0.0-rc/extra/kipi-plugins/photolayoutseditor/widgets/canvas/CropWidgetItem.cpp:43: uninit_member: Non-static class member "pressedVHandler" is not initialized in this constructor nor in any functions that it calls.
digikam-3.0.0-rc/extra/kipi-plugins/photolayoutseditor/widgets/canvas/CropWidgetItem.cpp:90: member_decl: Class member declaration for "pressedHHandler".
digikam-3.0.0-rc/extra/kipi-plugins/photolayoutseditor/widgets/canvas/CropWidgetItem.cpp:43: uninit_member: Non-static class member "pressedHHandler" is not initialized in this constructor nor in any functions that it calls.

Error: UNINIT_CTOR (CWE-457):
digikam-3.0.0-rc/extra/kipi-plugins/photolayoutseditor/widgets/canvas/CropWidgetItem.cpp:62: cond_true: Condition "m_handlers@dim0 < 3UL", taking true branch
digikam-3.0.0-rc/extra/kipi-plugins/photolayoutseditor/widgets/canvas/CropWidgetItem.cpp:62: cond_true: Condition "m_handlers@dim1 < 3UL", taking true branch
digikam-3.0.0-rc/extra/kipi-plugins/photolayoutseditor/widgets/canvas/CropWidgetItem.cpp:72: loop: Jumping back to the beginning of the loop
digikam-3.0.0-rc/extra/kipi-plugins/photolayoutseditor/widgets/canvas/CropWidgetItem.cpp:62: loop_begin: Jumped back to beginning of loop
digikam-3.0.0-rc/extra/kipi-plugins/photolayoutseditor/widgets/canvas/CropWidgetItem.cpp:62: cond_false: Condition "m_handlers@dim1 < 3UL", taking false branch
digikam-3.0.0-rc/extra/kipi-plugins/photolayoutseditor/widgets/canvas/CropWidgetItem.cpp:72: loop_end: Reached end of loop
digikam-3.0.0-rc/extra/kipi-plugins/photolayoutseditor/widgets/canvas/CropWidgetItem.cpp:72: loop: Jumping back to the beginning of the loop
digikam-3.0.0-rc/extra/kipi-plugins/photolayoutseditor/widgets/canvas/CropWidgetItem.cpp:62: loop_begin: Jumped back to beginning of loop
digikam-3.0.0-rc/extra/kipi-plugins/photolayoutseditor/widgets/canvas/CropWidgetItem.cpp:62: cond_false: Condition "m_handlers@dim0 < 3UL", taking false branch
digikam-3.0.0-rc/extra/kipi-plugins/photolayoutseditor/widgets/canvas/CropWidgetItem.cpp:72: loop_end: Reached end of loop
digikam-3.0.0-rc/extra/kipi-plugins/photolayoutseditor/widgets/canvas/CropWidgetItem.cpp:74: member_decl: Class member declaration for "m_item".
digikam-3.0.0-rc/extra/kipi-plugins/photolayoutseditor/widgets/canvas/CropWidgetItem.cpp:72: uninit_member: Non-static class member "m_item" is not initialized in this constructor nor in any functions that it calls.

// --------

Error: UNINIT_CTOR (CWE-457):
digikam-3.0.0-rc/extra/kipi-plugins/photolayoutseditor/extra/qtpropertybrowser/src/qteditorfactory.cpp:453: member_not_init_in_gen_ctor: The compiler-generated constructor for this class does not initialize "q_ptr".

Error: UNINIT_CTOR (CWE-457):
digikam-3.0.0-rc/extra/kipi-plugins/photolayoutseditor/extra/qtpropertybrowser/src/qteditorfactory.cpp:144: member_not_init_in_gen_ctor: The compiler-generated constructor for this class does not initialize "q_ptr".

Error: UNINIT_CTOR (CWE-457):
digikam-3.0.0-rc/extra/kipi-plugins/photolayoutseditor/extra/qtpropertybrowser/src/qteditorfactory.cpp:2279: member_not_init_in_gen_ctor: The compiler-generated constructor for this class does not initialize "q_ptr".

Error: UNINIT_CTOR (CWE-457):
digikam-3.0.0-rc/extra/kipi-plugins/photolayoutseditor/extra/qtpropertybrowser/src/qteditorfactory.cpp:1075: member_not_init_in_gen_ctor: The compiler-generated constructor for this class does not initialize "q_ptr".

Error: UNINIT_CTOR (CWE-457):
digikam-3.0.0-rc/extra/kipi-plugins/photolayoutseditor/extra/qtpropertybrowser/src/qteditorfactory.cpp:714: member_not_init_in_gen_ctor: The compiler-generated constructor for this class does not initialize "q_ptr".

Error: UNINIT_CTOR (CWE-457):
digikam-3.0.0-rc/extra/kipi-plugins/photolayoutseditor/extra/qtpropertybrowser/src/qteditorfactory.cpp:2501: member_not_init_in_gen_ctor: The compiler-generated constructor for this class does not initialize "q_ptr".

Error: UNINIT_CTOR (CWE-457):
digikam-3.0.0-rc/extra/kipi-plugins/photolayoutseditor/extra/qtpropertybrowser/src/qteditorfactory.cpp:1721: member_not_init_in_gen_ctor: The compiler-generated constructor for this class does not initialize "q_ptr".

Error: UNINIT_CTOR (CWE-457):
digikam-3.0.0-rc/extra/kipi-plugins/photolayoutseditor/extra/qtpropertybrowser/src/qteditorfactory.cpp:1320: member_not_init_in_gen_ctor: The compiler-generated constructor for this class does not initialize "q_ptr".

Error: UNINIT_CTOR (CWE-457):
digikam-3.0.0-rc/extra/kipi-plugins/photolayoutseditor/extra/qtpropertybrowser/src/qteditorfactory.cpp:2008: member_decl: Class member declaration for "q_ptr".
digikam-3.0.0-rc/extra/kipi-plugins/photolayoutseditor/extra/qtpropertybrowser/src/qteditorfactory.cpp:2031: uninit_member: Non-static class member "q_ptr" is not initialized in this constructor nor in any functions that it calls.
digikam-3.0.0-rc/extra/kipi-plugins/photolayoutseditor/extra/qtpropertybrowser/src/qteditorfactory.cpp:2017: member_decl: Class member declaration for "m_enumEditorFactory".
digikam-3.0.0-rc/extra/kipi-plugins/photolayoutseditor/extra/qtpropertybrowser/src/qteditorfactory.cpp:2031: uninit_member: Non-static class member "m_enumEditorFactory" is not initialized in this constructor nor in any functions that it calls.
digikam-3.0.0-rc/extra/kipi-plugins/photolayoutseditor/extra/qtpropertybrowser/src/qteditorfactory.cpp:2018: member_decl: Class member declaration for "m_enumPropertyManager".
digikam-3.0.0-rc/extra/kipi-plugins/photolayoutseditor/extra/qtpropertybrowser/src/qteditorfactory.cpp:2031: uninit_member: Non-static class member "m_enumPropertyManager" is not initialized in this constructor nor in any functions that it calls.

Error: UNINIT_CTOR (CWE-457):
digikam-3.0.0-rc/extra/kipi-plugins/photolayoutseditor/extra/qtpropertybrowser/src/qtpropertymanager.cpp:2295: member_decl: Class member declaration for "q_ptr".
digikam-3.0.0-rc/extra/kipi-plugins/photolayoutseditor/extra/qtpropertybrowser/src/qtpropertymanager.cpp:2318: uninit_member: Non-static class member "q_ptr" is not initialized in this constructor nor in any functions that it calls.
digikam-3.0.0-rc/extra/kipi-plugins/photolayoutseditor/extra/qtpropertybrowser/src/qtpropertymanager.cpp:2307: member_decl: Class member declaration for "m_enumPropertyManager".
digikam-3.0.0-rc/extra/kipi-plugins/photolayoutseditor/extra/qtpropertybrowser/src/qtpropertymanager.cpp:2318: uninit_member: Non-static class member "m_enumPropertyManager" is not initialized in this constructor nor in any functions that it calls.

Error: UNINIT_CTOR (CWE-457):
digikam-3.0.0-rc/extra/kipi-plugins/photolayoutseditor/extra/qtpropertybrowser/src/qtpropertymanager.cpp:5250: member_decl: Class member declaration for "q_ptr".
digikam-3.0.0-rc/extra/kipi-plugins/photolayoutseditor/extra/qtpropertybrowser/src/qtpropertymanager.cpp:5279: uninit_member: Non-static class member "q_ptr" is not initialized in this constructor nor in any functions that it calls.
digikam-3.0.0-rc/extra/kipi-plugins/photolayoutseditor/extra/qtpropertybrowser/src/qtpropertymanager.cpp:5263: member_decl: Class member declaration for "m_intPropertyManager".
digikam-3.0.0-rc/extra/kipi-plugins/photolayoutseditor/extra/qtpropertybrowser/src/qtpropertymanager.cpp:5279: uninit_member: Non-static class member "m_intPropertyManager" is not initialized in this constructor nor in any functions that it calls.
digikam-3.0.0-rc/extra/kipi-plugins/photolayoutseditor/extra/qtpropertybrowser/src/qtpropertymanager.cpp:5264: member_decl: Class member declaration for "m_enumPropertyManager".
digikam-3.0.0-rc/extra/kipi-plugins/photolayoutseditor/extra/qtpropertybrowser/src/qtpropertymanager.cpp:5279: uninit_member: Non-static class member "m_enumPropertyManager" is not initialized in this constructor nor in any functions that it calls.

Error: UNINIT_CTOR (CWE-457):
digikam-3.0.0-rc/extra/kipi-plugins/photolayoutseditor/extra/qtpropertybrowser/src/qteditorfactory.cpp:300: member_not_init_in_gen_ctor: The compiler-generated constructor for this class does not initialize "q_ptr".

Error: UNINIT_CTOR (CWE-457):
digikam-3.0.0-rc/extra/kipi-plugins/photolayoutseditor/extra/qtpropertybrowser/src/qtpropertybrowser.cpp:1232: member_decl: Class member declaration for "q_ptr".
digikam-3.0.0-rc/extra/kipi-plugins/photolayoutseditor/extra/qtpropertybrowser/src/qtpropertybrowser.cpp:1267: uninit_member: Non-static class member "q_ptr" is not initialized in this constructor nor in any functions that it calls.

Error: UNINIT_CTOR (CWE-457):
digikam-3.0.0-rc/extra/kipi-plugins/photolayoutseditor/extra/qtpropertybrowser/src/qtpropertymanager.cpp:1962: member_not_init_in_gen_ctor: The compiler-generated constructor for this class does not initialize "q_ptr".

Error: UNINIT_CTOR (CWE-457):
digikam-3.0.0-rc/extra/kipi-plugins/photolayoutseditor/extra/qtpropertybrowser/src/qtpropertymanager.cpp:1614: member_not_init_in_gen_ctor: The compiler-generated constructor for this class does not initialize "q_ptr".

Error: UNINIT_CTOR (CWE-457):
digikam-3.0.0-rc/extra/kipi-plugins/photolayoutseditor/extra/qtpropertybrowser/src/qtpropertymanager.cpp:1846: member_not_init_in_gen_ctor: The compiler-generated constructor for this class does not initialize "q_ptr".

Error: UNINIT_CTOR (CWE-457):
digikam-3.0.0-rc/extra/kipi-plugins/photolayoutseditor/extra/qtpropertybrowser/src/qteditorfactory.cpp:1833: member_not_init_in_gen_ctor: The compiler-generated constructor for this class does not initialize "q_ptr".

Error: UNINIT_CTOR (CWE-457):
digikam-3.0.0-rc/extra/kipi-plugins/photolayoutseditor/extra/qtpropertybrowser/src/qteditorfactory.cpp:1211: member_not_init_in_gen_ctor: The compiler-generated constructor for this class does not initialize "q_ptr".

Error: UNINIT_CTOR (CWE-457):
digikam-3.0.0-rc/extra/kipi-plugins/photolayoutseditor/extra/qtpropertybrowser/src/qtpropertybrowser.cpp:79: member_not_init_in_gen_ctor: The compiler-generated constructor for this class does not initialize "q_ptr".

Error: UNINIT_CTOR (CWE-457):
digikam-3.0.0-rc/extra/kipi-plugins/photolayoutseditor/extra/qtpropertybrowser/src/qtpropertymanager.cpp:2076: member_not_init_in_gen_ctor: The compiler-generated constructor for this class does not initialize "q_ptr".

Error: UNINIT_CTOR (CWE-457):
digikam-3.0.0-rc/extra/kipi-plugins/photolayoutseditor/extra/qtpropertybrowser/src/qtpropertymanager.cpp:5575: member_decl: Class member declaration for "q_ptr".
digikam-3.0.0-rc/extra/kipi-plugins/photolayoutseditor/extra/qtpropertybrowser/src/qtpropertymanager.cpp:5621: uninit_member: Non-static class member "q_ptr" is not initialized in this constructor nor in any functions that it calls.
digikam-3.0.0-rc/extra/kipi-plugins/photolayoutseditor/extra/qtpropertybrowser/src/qtpropertymanager.cpp:5593: member_decl: Class member declaration for "m_intPropertyManager".
digikam-3.0.0-rc/extra/kipi-plugins/photolayoutseditor/extra/qtpropertybrowser/src/qtpropertymanager.cpp:5621: uninit_member: Non-static class member "m_intPropertyManager" is not initialized in this constructor nor in any functions that it calls.
digikam-3.0.0-rc/extra/kipi-plugins/photolayoutseditor/extra/qtpropertybrowser/src/qtpropertymanager.cpp:5594: member_decl: Class member declaration for "m_enumPropertyManager".
digikam-3.0.0-rc/extra/kipi-plugins/photolayoutseditor/extra/qtpropertybrowser/src/qtpropertymanager.cpp:5621: uninit_member: Non-static class member "m_enumPropertyManager" is not initialized in this constructor nor in any functions that it calls.
digikam-3.0.0-rc/extra/kipi-plugins/photolayoutseditor/extra/qtpropertybrowser/src/qtpropertymanager.cpp:5595: member_decl: Class member declaration for "m_boolPropertyManager".
digikam-3.0.0-rc/extra/kipi-plugins/photolayoutseditor/extra/qtpropertybrowser/src/qtpropertymanager.cpp:5621: uninit_member: Non-static class member "m_boolPropertyManager" is not initialized in this constructor nor in any functions that it calls.

Error: UNINIT_CTOR (CWE-457):
digikam-3.0.0-rc/extra/kipi-plugins/photolayoutseditor/extra/qtpropertybrowser/src/qteditorfactory.cpp:902: member_not_init_in_gen_ctor: The compiler-generated constructor for this class does not initialize "q_ptr".

Error: UNINIT_CTOR (CWE-457):
digikam-3.0.0-rc/extra/kipi-plugins/photolayoutseditor/extra/qtpropertybrowser/src/qteditorfactory.cpp:605: member_not_init_in_gen_ctor: The compiler-generated constructor for this class does not initialize "q_ptr".

Error: UNINIT_CTOR (CWE-457):
digikam-3.0.0-rc/extra/kipi-plugins/photolayoutseditor/extra/qtpropertybrowser/src/qteditorfactory.cpp:1432: member_not_init_in_gen_ctor: The compiler-generated constructor for this class does not initialize "q_ptr".

Error: UNINIT_CTOR (CWE-457):
digikam-3.0.0-rc/extra/kipi-plugins/photolayoutseditor/extra/qtpropertybrowser/src/qtvariantproperty.cpp:298: member_decl: Class member declaration for "q_ptr".
digikam-3.0.0-rc/extra/kipi-plugins/photolayoutseditor/extra/qtpropertybrowser/src/qtvariantproperty.cpp:389: uninit_member: Non-static class member "q_ptr" is not initialized in this constructor nor in any functions that it calls.
digikam-3.0.0-rc/extra/kipi-plugins/photolayoutseditor/extra/qtpropertybrowser/src/qtvariantproperty.cpp:303: member_decl: Class member declaration for "m_creatingProperty".
digikam-3.0.0-rc/extra/kipi-plugins/photolayoutseditor/extra/qtpropertybrowser/src/qtvariantproperty.cpp:389: uninit_member: Non-static class member "m_creatingProperty" is not initialized in this constructor nor in any functions that it calls.
digikam-3.0.0-rc/extra/kipi-plugins/photolayoutseditor/extra/qtpropertybrowser/src/qtvariantproperty.cpp:304: member_decl: Class member declaration for "m_creatingSubProperties".
digikam-3.0.0-rc/extra/kipi-plugins/photolayoutseditor/extra/qtpropertybrowser/src/qtvariantproperty.cpp:389: uninit_member: Non-static class member "m_creatingSubProperties" is not initialized in this constructor nor in any functions that it calls.
digikam-3.0.0-rc/extra/kipi-plugins/photolayoutseditor/extra/qtpropertybrowser/src/qtvariantproperty.cpp:305: member_decl: Class member declaration for "m_destroyingSubProperties".
digikam-3.0.0-rc/extra/kipi-plugins/photolayoutseditor/extra/qtpropertybrowser/src/qtvariantproperty.cpp:389: uninit_member: Non-static class member "m_destroyingSubProperties" is not initialized in this constructor nor in any functions that it calls.
digikam-3.0.0-rc/extra/kipi-plugins/photolayoutseditor/extra/qtpropertybrowser/src/qtvariantproperty.cpp:306: member_decl: Class member declaration for "m_propertyType".
digikam-3.0.0-rc/extra/kipi-plugins/photolayoutseditor/extra/qtpropertybrowser/src/qtvariantproperty.cpp:389: uninit_member: Non-static class member "m_propertyType" is not initialized in this constructor nor in any functions that it calls.

Error: UNINIT_CTOR (CWE-457):
digikam-3.0.0-rc/extra/kipi-plugins/photolayoutseditor/extra/qtpropertybrowser/src/qtpropertybrowser.cpp:62: member_decl: Class member declaration for "q_ptr".
digikam-3.0.0-rc/extra/kipi-plugins/photolayoutseditor/extra/qtpropertybrowser/src/qtpropertybrowser.cpp:61: uninit_member: Non-static class member "q_ptr" is not initialized in this constructor nor in any functions that it calls.

Error: UNINIT_CTOR (CWE-457):
digikam-3.0.0-rc/extra/kipi-plugins/photolayoutseditor/extra/qtpropertybrowser/src/qttreepropertybrowser.cpp:62: member_decl: Class member declaration for "q_ptr".
digikam-3.0.0-rc/extra/kipi-plugins/photolayoutseditor/extra/qtpropertybrowser/src/qttreepropertybrowser.cpp:433: uninit_member: Non-static class member "q_ptr" is not initialized in this constructor nor in any functions that it calls.

Error: UNINIT_CTOR (CWE-457):
digikam-3.0.0-rc/extra/kipi-plugins/photolayoutseditor/extra/qtpropertybrowser/src/qtvariantproperty.cpp:148: member_decl: Class member declaration for "q_ptr".
digikam-3.0.0-rc/extra/kipi-plugins/photolayoutseditor/extra/qtpropertybrowser/src/qtvariantproperty.cpp:150: uninit_member: Non-static class member "q_ptr" is not initialized in this constructor nor in any functions that it calls.

Error: USE_AFTER_FREE (CWE-416):
digikam-3.0.0-rc/extra/kipi-plugins/photolayoutseditor/extra/qtpropertybrowser/src/qtvariantproperty.cpp:437: freed_arg: "operator delete(void *)" frees "property".
digikam-3.0.0-rc/extra/kipi-plugins/photolayoutseditor/extra/qtpropertybrowser/src/qtvariantproperty.cpp:440: use_after_free: Using freed pointer "property".

Error: USE_AFTER_FREE (CWE-416):
digikam-3.0.0-rc/extra/kipi-plugins/photolayoutseditor/extra/qtpropertybrowser/src/qtpropertymanager.cpp:5179: cond_false: Condition "it == this->d_ptr->m_values.end()", taking false branch
digikam-3.0.0-rc/extra/kipi-plugins/photolayoutseditor/extra/qtpropertybrowser/src/qtpropertymanager.cpp:5184: cond_false: Condition "data.flagNames == flagNames", taking false branch
digikam-3.0.0-rc/extra/kipi-plugins/photolayoutseditor/extra/qtpropertybrowser/src/qtpropertymanager.cpp:5193: cond_true: Condition "itProp.hasNext()", taking true branch
digikam-3.0.0-rc/extra/kipi-plugins/photolayoutseditor/extra/qtpropertybrowser/src/qtpropertymanager.cpp:5195: cond_true: Condition "prop", taking true branch
digikam-3.0.0-rc/extra/kipi-plugins/photolayoutseditor/extra/qtpropertybrowser/src/qtpropertymanager.cpp:5196: freed_arg: "operator delete(void *)" frees "prop".
digikam-3.0.0-rc/extra/kipi-plugins/photolayoutseditor/extra/qtpropertybrowser/src/qtpropertymanager.cpp:5197: use_after_free: Using freed pointer "prop".

Error: USE_AFTER_FREE (CWE-416):
digikam-3.0.0-rc/extra/kipi-plugins/photolayoutseditor/extra/qtpropertybrowser/src/qtpropertymanager.cpp:5234: cond_true: Condition "itProp.hasNext()", taking true branch
digikam-3.0.0-rc/extra/kipi-plugins/photolayoutseditor/extra/qtpropertybrowser/src/qtpropertymanager.cpp:5236: cond_true: Condition "prop", taking true branch
digikam-3.0.0-rc/extra/kipi-plugins/photolayoutseditor/extra/qtpropertybrowser/src/qtpropertymanager.cpp:5237: freed_arg: "operator delete(void *)" frees "prop".
digikam-3.0.0-rc/extra/kipi-plugins/photolayoutseditor/extra/qtpropertybrowser/src/qtpropertymanager.cpp:5238: use_after_free: Using freed pointer "prop".

Error: RESOURCE_LEAK (CWE-404):
digikam-3.0.0-rc/extra/kipi-plugins/photolayoutseditor/extra/qtpropertybrowser/src/qtpropertymanager.cpp:6329: cond_true: Condition "!this__StaticVar_.pointer", taking true branch
digikam-3.0.0-rc/extra/kipi-plugins/photolayoutseditor/extra/qtpropertybrowser/src/qtpropertymanager.cpp:6329: cond_true: Condition "!this__StaticVar_.destroyed", taking true branch
digikam-3.0.0-rc/extra/kipi-plugins/photolayoutseditor/extra/qtpropertybrowser/src/qtpropertymanager.cpp:6329: alloc_fn: Storage is returned from allocation function "operator new(std::size_t)".
digikam-3.0.0-rc/extra/kipi-plugins/photolayoutseditor/extra/qtpropertybrowser/src/qtpropertymanager.cpp:6329: var_assign: Assigning: "x" = storage returned from "new QtCursorDatabase".
digikam-3.0.0-rc/extra/kipi-plugins/photolayoutseditor/extra/qtpropertybrowser/src/qtpropertymanager.cpp:6329: noescape: Resource "x" is not freed or pointed-to in function "QBasicAtomicPointer<QtCursorDatabase>::testAndSetOrdered(QtCursorDatabase *, QtCursorDatabase *)".
/usr/include/QtCore/qatomic_x86_64.h:169:87: noescape: "QBasicAtomicPointer<QtCursorDatabase>::testAndSetOrdered(QtCursorDatabase *, QtCursorDatabase *)" does not free or save its pointer parameter "newValue".
digikam-3.0.0-rc/extra/kipi-plugins/photolayoutseditor/extra/qtpropertybrowser/src/qtpropertymanager.cpp:6329: cond_false: Condition "!this__StaticVar_.pointer.testAndSetOrdered(NULL, x)", taking false branch
digikam-3.0.0-rc/extra/kipi-plugins/photolayoutseditor/extra/qtpropertybrowser/src/qtpropertymanager.cpp:6329: leaked_storage: Variable "x" going out of scope leaks the storage it points to.

Error: FORWARD_NULL (CWE-476):
digikam-3.0.0-rc/extra/kipi-plugins/photolayoutseditor/extra/qtpropertybrowser/src/qttreepropertybrowser.cpp:150: cond_false: Condition "this->m_editorPrivate", taking false branch
digikam-3.0.0-rc/extra/kipi-plugins/photolayoutseditor/extra/qtpropertybrowser/src/qttreepropertybrowser.cpp:154: if_end: End of if statement
digikam-3.0.0-rc/extra/kipi-plugins/photolayoutseditor/extra/qtpropertybrowser/src/qttreepropertybrowser.cpp:150: var_compare_op: Comparing "this->m_editorPrivate" to null implies that "this->m_editorPrivate" might be null.
digikam-3.0.0-rc/extra/kipi-plugins/photolayoutseditor/extra/qtpropertybrowser/src/qttreepropertybrowser.cpp:155: cond_false: Condition "!hasValue", taking false branch
digikam-3.0.0-rc/extra/kipi-plugins/photolayoutseditor/extra/qtpropertybrowser/src/qttreepropertybrowser.cpp:159: else_branch: Reached else branch
digikam-3.0.0-rc/extra/kipi-plugins/photolayoutseditor/extra/qtpropertybrowser/src/qttreepropertybrowser.cpp:160: var_deref_model: Passing null pointer "this->m_editorPrivate" to function "QtTreePropertyBrowserPrivate::indexToBrowserItem(QModelIndex const &) const", which dereferences it.
digikam-3.0.0-rc/extra/kipi-plugins/photolayoutseditor/extra/qtpropertybrowser/src/qttreepropertybrowser.cpp:523:27: deref_parm: Directly dereferencing parameter "this".

Error: DEADCODE (CWE-561):
digikam-3.0.0-rc/extra/kipi-plugins/photolayoutseditor/extra/KEditFactory.cpp:240: cond_notnull: Condition "w", taking true branch. Now the value of "w" is not NULL.
digikam-3.0.0-rc/extra/kipi-plugins/photolayoutseditor/extra/KEditFactory.cpp:243: notnull: At condition "w", the value of "w" cannot be NULL.
digikam-3.0.0-rc/extra/kipi-plugins/photolayoutseditor/extra/KEditFactory.cpp:243: dead_error_condition: The condition "!w" cannot be true.
digikam-3.0.0-rc/extra/kipi-plugins/photolayoutseditor/extra/KEditFactory.cpp:244: dead_error_line: Execution cannot reach this statement "return NULL;".

Error: FORWARD_NULL (CWE-476):
digikam-3.0.0-rc/extra/kipi-plugins/photolayoutseditor/extra/qtpropertybrowser/src/qttreepropertybrowser.cpp:345: cond_false: Condition "this->m_editorPrivate", taking false branch
digikam-3.0.0-rc/extra/kipi-plugins/photolayoutseditor/extra/qtpropertybrowser/src/qttreepropertybrowser.cpp:349: if_end: End of if statement
digikam-3.0.0-rc/extra/kipi-plugins/photolayoutseditor/extra/qtpropertybrowser/src/qttreepropertybrowser.cpp:351: cond_false: Condition "this->m_editorPrivate", taking false branch
digikam-3.0.0-rc/extra/kipi-plugins/photolayoutseditor/extra/qtpropertybrowser/src/qttreepropertybrowser.cpp:351: var_compare_op: Comparing "this->m_editorPrivate" to null implies that "this->m_editorPrivate" might be null.
digikam-3.0.0-rc/extra/kipi-plugins/photolayoutseditor/extra/qtpropertybrowser/src/qttreepropertybrowser.cpp:351: cond_false: Condition "!hasValue", taking false branch
digikam-3.0.0-rc/extra/kipi-plugins/photolayoutseditor/extra/qtpropertybrowser/src/qttreepropertybrowser.cpp:357: if_end: End of if statement
digikam-3.0.0-rc/extra/kipi-plugins/photolayoutseditor/extra/qtpropertybrowser/src/qttreepropertybrowser.cpp:359: cond_false: Condition "!hasValue", taking false branch
digikam-3.0.0-rc/extra/kipi-plugins/photolayoutseditor/extra/qtpropertybrowser/src/qttreepropertybrowser.cpp:362: else_branch: Reached else branch
digikam-3.0.0-rc/extra/kipi-plugins/photolayoutseditor/extra/qtpropertybrowser/src/qttreepropertybrowser.cpp:363: var_deref_model: Passing null pointer "this->m_editorPrivate" to function "QtTreePropertyBrowserPrivate::indexToBrowserItem(QModelIndex const &) const", which dereferences it.
digikam-3.0.0-rc/extra/kipi-plugins/photolayoutseditor/extra/qtpropertybrowser/src/qttreepropertybrowser.cpp:523:27: deref_parm: Directly dereferencing parameter "this".

Error: RESOURCE_LEAK (CWE-404):
digikam-3.0.0-rc/extra/kipi-plugins/photolayoutseditor/extra/qtpropertybrowser/src/qtpropertybrowser.cpp:1228: cond_true: Condition "!this__StaticVar_.pointer", taking true branch
digikam-3.0.0-rc/extra/kipi-plugins/photolayoutseditor/extra/qtpropertybrowser/src/qtpropertybrowser.cpp:1228: cond_true: Condition "!this__StaticVar_.destroyed", taking true branch
digikam-3.0.0-rc/extra/kipi-plugins/photolayoutseditor/extra/qtpropertybrowser/src/qtpropertybrowser.cpp:1228: alloc_fn: Storage is returned from allocation function "operator new(std::size_t)".
digikam-3.0.0-rc/extra/kipi-plugins/photolayoutseditor/extra/qtpropertybrowser/src/qtpropertybrowser.cpp:1228: var_assign: Assigning: "x" = storage returned from "new Map2".
digikam-3.0.0-rc/extra/kipi-plugins/photolayoutseditor/extra/qtpropertybrowser/src/qtpropertybrowser.cpp:1228: noescape: Resource "x" is not freed or pointed-to in function "QBasicAtomicPointer<QMap<QtAbstractPropertyManager *, QMap<QtAbstractEditorFactoryBase *, QList<QtAbstractPropertyBrowser *> > > >::testAndSetOrdered(Map2 *, Map2 *)".
/usr/include/QtCore/qatomic_x86_64.h:169:87: noescape: "QBasicAtomicPointer<QMap<QtAbstractPropertyManager *, QMap<QtAbstractEditorFactoryBase *, QList<QtAbstractPropertyBrowser *> > > >::testAndSetOrdered(Map2 *, Map2 *)" does not free or save its pointer parameter "newValue".
digikam-3.0.0-rc/extra/kipi-plugins/photolayoutseditor/extra/qtpropertybrowser/src/qtpropertybrowser.cpp:1228: cond_false: Condition "!this__StaticVar_.pointer.testAndSetOrdered(NULL, x)", taking false branch
digikam-3.0.0-rc/extra/kipi-plugins/photolayoutseditor/extra/qtpropertybrowser/src/qtpropertybrowser.cpp:1228: leaked_storage: Variable "x" going out of scope leaks the storage it points to.

Error: RESOURCE_LEAK (CWE-404):
digikam-3.0.0-rc/extra/kipi-plugins/photolayoutseditor/extra/qtpropertybrowser/src/qtvariantproperty.cpp:139: cond_true: Condition "!this__StaticVar_.pointer", taking true branch
digikam-3.0.0-rc/extra/kipi-plugins/photolayoutseditor/extra/qtpropertybrowser/src/qtvariantproperty.cpp:139: cond_true: Condition "!this__StaticVar_.destroyed", taking true branch
digikam-3.0.0-rc/extra/kipi-plugins/photolayoutseditor/extra/qtpropertybrowser/src/qtvariantproperty.cpp:139: alloc_fn: Storage is returned from allocation function "operator new(std::size_t)".
digikam-3.0.0-rc/extra/kipi-plugins/photolayoutseditor/extra/qtpropertybrowser/src/qtvariantproperty.cpp:139: var_assign: Assigning: "x" = storage returned from "new PropertyMap".
digikam-3.0.0-rc/extra/kipi-plugins/photolayoutseditor/extra/qtpropertybrowser/src/qtvariantproperty.cpp:139: noescape: Resource "x" is not freed or pointed-to in function "QBasicAtomicPointer<QMap<QtProperty const *, QtProperty *> >::testAndSetOrdered(PropertyMap *, PropertyMap *)".
/usr/include/QtCore/qatomic_x86_64.h:169:87: noescape: "QBasicAtomicPointer<QMap<QtProperty const *, QtProperty *> >::testAndSetOrdered(PropertyMap *, PropertyMap *)" does not free or save its pointer parameter "newValue".
digikam-3.0.0-rc/extra/kipi-plugins/photolayoutseditor/extra/qtpropertybrowser/src/qtvariantproperty.cpp:139: cond_false: Condition "!this__StaticVar_.pointer.testAndSetOrdered(NULL, x)", taking false branch
digikam-3.0.0-rc/extra/kipi-plugins/photolayoutseditor/extra/qtpropertybrowser/src/qtvariantproperty.cpp:139: leaked_storage: Variable "x" going out of scope leaks the storage it points to.

Error: RESOURCE_LEAK (CWE-404):
digikam-3.0.0-rc/extra/kipi-plugins/photolayoutseditor/extra/qtpropertybrowser/src/qtpropertybrowser.cpp:1227: cond_true: Condition "!this__StaticVar_.pointer", taking true branch
digikam-3.0.0-rc/extra/kipi-plugins/photolayoutseditor/extra/qtpropertybrowser/src/qtpropertybrowser.cpp:1227: cond_true: Condition "!this__StaticVar_.destroyed", taking true branch
digikam-3.0.0-rc/extra/kipi-plugins/photolayoutseditor/extra/qtpropertybrowser/src/qtpropertybrowser.cpp:1227: alloc_fn: Storage is returned from allocation function "operator new(std::size_t)".
digikam-3.0.0-rc/extra/kipi-plugins/photolayoutseditor/extra/qtpropertybrowser/src/qtpropertybrowser.cpp:1227: var_assign: Assigning: "x" = storage returned from "new Map1".
digikam-3.0.0-rc/extra/kipi-plugins/photolayoutseditor/extra/qtpropertybrowser/src/qtpropertybrowser.cpp:1227: noescape: Resource "x" is not freed or pointed-to in function "QBasicAtomicPointer<QMap<QtAbstractPropertyBrowser *, QMap<QtAbstractPropertyManager *, QtAbstractEditorFactoryBase *> > >::testAndSetOrdered(Map1 *, Map1 *)".
/usr/include/QtCore/qatomic_x86_64.h:169:87: noescape: "QBasicAtomicPointer<QMap<QtAbstractPropertyBrowser *, QMap<QtAbstractPropertyManager *, QtAbstractEditorFactoryBase *> > >::testAndSetOrdered(Map1 *, Map1 *)" does not free or save its pointer parameter "newValue".
digikam-3.0.0-rc/extra/kipi-plugins/photolayoutseditor/extra/qtpropertybrowser/src/qtpropertybrowser.cpp:1227: cond_false: Condition "!this__StaticVar_.pointer.testAndSetOrdered(NULL, x)", taking false branch
digikam-3.0.0-rc/extra/kipi-plugins/photolayoutseditor/extra/qtpropertybrowser/src/qtpropertybrowser.cpp:1227: leaked_storage: Variable "x" going out of scope leaks the storage it points to.

Error: RESOURCE_LEAK (CWE-404):
digikam-3.0.0-rc/extra/kipi-plugins/photolayoutseditor/extra/qtpropertybrowser/src/qtpropertymanager.cpp:561: cond_true: Condition "!this__StaticVar_.pointer", taking true branch
digikam-3.0.0-rc/extra/kipi-plugins/photolayoutseditor/extra/qtpropertybrowser/src/qtpropertymanager.cpp:561: cond_true: Condition "!this__StaticVar_.destroyed", taking true branch
digikam-3.0.0-rc/extra/kipi-plugins/photolayoutseditor/extra/qtpropertybrowser/src/qtpropertymanager.cpp:561: alloc_fn: Storage is returned from allocation function "operator new(std::size_t)".
digikam-3.0.0-rc/extra/kipi-plugins/photolayoutseditor/extra/qtpropertybrowser/src/qtpropertymanager.cpp:561: var_assign: Assigning: "x" = storage returned from "new QtMetaEnumProvider".
digikam-3.0.0-rc/extra/kipi-plugins/photolayoutseditor/extra/qtpropertybrowser/src/qtpropertymanager.cpp:561: noescape: Resource "x" is not freed or pointed-to in function "QBasicAtomicPointer<QtMetaEnumProvider>::testAndSetOrdered(QtMetaEnumProvider *, QtMetaEnumProvider *)".
/usr/include/QtCore/qatomic_x86_64.h:169:87: noescape: "QBasicAtomicPointer<QtMetaEnumProvider>::testAndSetOrdered(QtMetaEnumProvider *, QtMetaEnumProvider *)" does not free or save its pointer parameter "newValue".
digikam-3.0.0-rc/extra/kipi-plugins/photolayoutseditor/extra/qtpropertybrowser/src/qtpropertymanager.cpp:561: cond_false: Condition "!this__StaticVar_.pointer.testAndSetOrdered(NULL, x)", taking false branch
digikam-3.0.0-rc/extra/kipi-plugins/photolayoutseditor/extra/qtpropertybrowser/src/qtpropertymanager.cpp:561: leaked_storage: Variable "x" going out of scope leaks the storage it points to.

Error: RESOURCE_LEAK (CWE-404):
digikam-3.0.0-rc/extra/kipi-plugins/photolayoutseditor/extra/qtpropertybrowser/src/qteditorfactory.cpp:2004: cond_true: Condition "!this__StaticVar_.pointer", taking true branch
digikam-3.0.0-rc/extra/kipi-plugins/photolayoutseditor/extra/qtpropertybrowser/src/qteditorfactory.cpp:2004: cond_true: Condition "!this__StaticVar_.destroyed", taking true branch
digikam-3.0.0-rc/extra/kipi-plugins/photolayoutseditor/extra/qtpropertybrowser/src/qteditorfactory.cpp:2004: alloc_fn: Storage is returned from allocation function "operator new(std::size_t)".
digikam-3.0.0-rc/extra/kipi-plugins/photolayoutseditor/extra/qtpropertybrowser/src/qteditorfactory.cpp:2004: var_assign: Assigning: "x" = storage returned from "new QtCursorDatabase".
digikam-3.0.0-rc/extra/kipi-plugins/photolayoutseditor/extra/qtpropertybrowser/src/qteditorfactory.cpp:2004: noescape: Resource "x" is not freed or pointed-to in function "QBasicAtomicPointer<QtCursorDatabase>::testAndSetOrdered(QtCursorDatabase *, QtCursorDatabase *)".
/usr/include/QtCore/qatomic_x86_64.h:169:87: noescape: "QBasicAtomicPointer<QtCursorDatabase>::testAndSetOrdered(QtCursorDatabase *, QtCursorDatabase *)" does not free or save its pointer parameter "newValue".
digikam-3.0.0-rc/extra/kipi-plugins/photolayoutseditor/extra/qtpropertybrowser/src/qteditorfactory.cpp:2004: cond_false: Condition "!this__StaticVar_.pointer.testAndSetOrdered(NULL, x)", taking false branch
digikam-3.0.0-rc/extra/kipi-plugins/photolayoutseditor/extra/qtpropertybrowser/src/qteditorfactory.cpp:2004: leaked_storage: Variable "x" going out of scope leaks the storage it points to.

